11:42:23.111 [main] INFO  testCases.NotExistEmployeeDetailsTest - Logged out Successfully
11:42:27.523 [main] INFO  utilities.Listeners - deleteEmployee Test execution started
11:42:27.524 [main] INFO  testCases.DeleteEmployeeTest - Landed into login page
11:42:29.192 [main] INFO  testCases.DeleteEmployeeTest - Logged in Successfully
11:42:29.196 [main] INFO  testCases.DeleteEmployeeTest - page title is matched
11:42:30.603 [main] INFO  testCases.DeleteEmployeeTest - Successfully landed into Employee List page
11:42:31.148 [main] INFO  testCases.DeleteEmployeeTest - EmployeeId is entered in the employeeId field
11:42:31.203 [main] INFO  testCases.DeleteEmployeeTest - Searched Employee entry is not found in the table
11:42:31.889 [main] ERROR testCases.DeleteEmployeeTest - Test Failed
11:42:36.392 [main] INFO  utilities.Listeners - deleteEmployee Test execution started
11:42:36.392 [main] INFO  testCases.DeleteEmployeeTest - Landed into login page
11:42:36.963 [main] INFO  testCases.DeleteEmployeeTest - Logged in Successfully
11:42:38.082 [main] INFO  testCases.DeleteEmployeeTest - page title is matched
11:42:39.768 [main] INFO  testCases.DeleteEmployeeTest - Successfully landed into Employee List page
11:42:40.231 [main] INFO  testCases.DeleteEmployeeTest - EmployeeId is entered in the employeeId field
11:42:40.285 [main] INFO  testCases.DeleteEmployeeTest - Searched Employee entry is not found in the table
11:42:40.889 [main] ERROR testCases.DeleteEmployeeTest - Test Failed
11:42:44.984 [main] INFO  utilities.Listeners - deleteEmployee Test execution started
11:42:44.984 [main] INFO  testCases.DeleteEmployeeTest - Landed into login page
11:42:45.741 [main] INFO  testCases.DeleteEmployeeTest - Logged in Successfully
11:42:46.990 [main] INFO  testCases.DeleteEmployeeTest - page title is matched
11:42:48.527 [main] INFO  testCases.DeleteEmployeeTest - Successfully landed into Employee List page
11:42:49.103 [main] INFO  testCases.DeleteEmployeeTest - EmployeeId is entered in the employeeId field
11:42:49.162 [main] INFO  testCases.DeleteEmployeeTest - Searched Employee entry is not found in the table
11:42:49.849 [main] ERROR testCases.DeleteEmployeeTest - Test Failed
11:42:55.081 [main] INFO  utilities.Listeners - deleteEmployee Test execution started
11:42:55.081 [main] INFO  testCases.DeleteEmployeeTest - Landed into login page
11:42:55.943 [main] INFO  testCases.DeleteEmployeeTest - Logged in Successfully
11:42:57.151 [main] INFO  testCases.DeleteEmployeeTest - page title is matched
11:42:58.584 [main] INFO  testCases.DeleteEmployeeTest - Successfully landed into Employee List page
11:42:59.087 [main] INFO  testCases.DeleteEmployeeTest - EmployeeId is entered in the employeeId field
11:42:59.141 [main] INFO  testCases.DeleteEmployeeTest - Searched Employee entry is not found in the table
11:42:59.727 [main] ERROR testCases.DeleteEmployeeTest - Test Failed
11:43:01.153 [main] INFO  utilities.Listeners - Execution completed
