10:50:39.252 [main] INFO  utilities.Listeners - Execution started
10:50:50.322 [main] INFO  utilities.Listeners - testLoginAndLogout Test execution started
10:50:50.331 [main] INFO  testCases.LoginandLogoutTest - Landed into login page
10:50:53.109 [main] INFO  testCases.LoginandLogoutTest - Logged in Successfully
10:50:53.125 [main] INFO  testCases.LoginandLogoutTest - page title is matched
10:50:56.123 [main] INFO  testCases.LoginandLogoutTest - Logged out Successfully
10:50:56.146 [main] INFO  utilities.Listeners - addEmployee Test execution started
10:50:56.148 [main] INFO  testCases.LoginandLogoutTest - Landed into login page
10:50:57.882 [main] INFO  testCases.LoginandLogoutTest - Logged in Successfully
10:51:01.817 [main] INFO  testCases.LoginandLogoutTest - New Employee added Successfully
10:51:03.123 [main] INFO  testCases.LoginandLogoutTest - textToBePresentInElementLocatedis not found
10:51:03.123 [main] INFO  testCases.LoginandLogoutTest - Success Message is matched
10:51:03.727 [main] INFO  testCases.LoginandLogoutTest - elementToBeClickableis not found
10:51:03.727 [main] INFO  testCases.LoginandLogoutTest - Successfully landed into Employee List page
10:51:04.351 [main] INFO  testCases.LoginandLogoutTest - Created EmployeeId is entered in the employeeId field
10:51:04.451 [main] INFO  testCases.LoginandLogoutTest - elementToBeClickableis not found
10:51:04.452 [main] INFO  testCases.LoginandLogoutTest - Created Employee details is displayed in the table
10:51:04.949 [main] INFO  testCases.LoginandLogoutTest - EmployeeId is matched
10:51:04.952 [main] INFO  utilities.Listeners - employeeDetails Test execution started
10:51:04.953 [main] INFO  testCases.LoginandLogoutTest - Landed into login page
10:51:14.965 [main] ERROR testCases.LoginandLogoutTest - Test Failed
10:51:14.969 [main] INFO  utilities.Listeners - employeeDetails Test execution started
10:51:14.971 [main] INFO  testCases.LoginandLogoutTest - Landed into login page
10:51:25.006 [main] ERROR testCases.LoginandLogoutTest - Test Failed
10:51:25.009 [main] INFO  utilities.Listeners - employeeDetails Test execution started
10:51:25.010 [main] INFO  testCases.LoginandLogoutTest - Landed into login page
10:51:35.077 [main] ERROR testCases.LoginandLogoutTest - Test Failed
10:51:35.080 [main] INFO  utilities.Listeners - employeeDetails Test execution started
10:51:35.081 [main] INFO  testCases.LoginandLogoutTest - Landed into login page
10:51:45.143 [main] ERROR testCases.LoginandLogoutTest - Test Failed
10:51:47.326 [main] INFO  utilities.Listeners - Execution completed
