16:25:55.398 [TestNG-tests-2] INFO  testCases.ExistEmployeeDetailsTest - EmployeeId is entered in the employeeId field
16:25:55.812 [TestNG-tests-1] INFO  testCases.ExistEmployeeDetailsTest - Logged out Successfully
16:25:55.979 [TestNG-tests-2] ERROR testCases.ExistEmployeeDetailsTest - Test Failed
16:26:03.249 [TestNG-tests-1] INFO  utilities.Listeners - deleteEmployee Test execution started
16:26:03.251 [TestNG-tests-1] INFO  testCases.ExistEmployeeDetailsTest - Landed into login page
16:26:03.560 [TestNG-tests-2] INFO  utilities.Listeners - existEmployeeDetails Test execution started
16:26:03.562 [TestNG-tests-2] INFO  testCases.ExistEmployeeDetailsTest - Landed into login page
16:26:04.557 [TestNG-tests-1] INFO  testCases.ExistEmployeeDetailsTest - Logged in Successfully
16:26:05.657 [TestNG-tests-2] INFO  testCases.ExistEmployeeDetailsTest - Logged in Successfully
16:26:05.665 [TestNG-tests-2] INFO  testCases.ExistEmployeeDetailsTest - page title is matched
16:26:05.909 [TestNG-tests-1] INFO  testCases.ExistEmployeeDetailsTest - page title is matched
16:26:07.415 [TestNG-tests-2] INFO  testCases.ExistEmployeeDetailsTest - Successfully landed into Employee List page
16:26:07.535 [TestNG-tests-1] INFO  testCases.ExistEmployeeDetailsTest - Successfully landed into Employee List page
16:26:07.923 [TestNG-tests-2] INFO  testCases.ExistEmployeeDetailsTest - EmployeeId is entered in the employeeId field
16:26:08.062 [TestNG-tests-1] INFO  testCases.ExistEmployeeDetailsTest - EmployeeId is entered in the employeeId field
16:26:08.161 [TestNG-tests-1] INFO  testCases.ExistEmployeeDetailsTest - Searched Employee entry is not found in the table
16:26:08.477 [TestNG-tests-2] ERROR testCases.ExistEmployeeDetailsTest - Test Failed
16:26:11.012 [TestNG-tests-1] INFO  testCases.ExistEmployeeDetailsTest - Logged out Successfully
16:26:12.726 [TestNG-tests-1] INFO  utilities.Listeners - Execution completed
16:26:16.623 [TestNG-tests-2] INFO  utilities.Listeners - existEmployeeDetails Test execution started
16:26:16.624 [TestNG-tests-2] INFO  testCases.ExistEmployeeDetailsTest - Landed into login page
16:26:18.802 [TestNG-tests-2] INFO  testCases.ExistEmployeeDetailsTest - Logged in Successfully
16:26:18.809 [TestNG-tests-2] INFO  testCases.ExistEmployeeDetailsTest - page title is matched
16:26:20.572 [TestNG-tests-2] INFO  testCases.ExistEmployeeDetailsTest - Successfully landed into Employee List page
16:26:21.104 [TestNG-tests-2] INFO  testCases.ExistEmployeeDetailsTest - EmployeeId is entered in the employeeId field
16:26:21.683 [TestNG-tests-2] INFO  testCases.ExistEmployeeDetailsTest - Searched Employee entry is found in the table
16:26:22.775 [TestNG-tests-2] INFO  testCases.ExistEmployeeDetailsTest - Logged out Successfully
16:26:33.503 [TestNG-tests-2] INFO  utilities.Listeners - deleteEmployee Test execution started
16:26:33.503 [TestNG-tests-2] INFO  testCases.DeleteEmployeeTest - Landed into login page
16:26:37.295 [TestNG-tests-2] INFO  testCases.DeleteEmployeeTest - Logged in Successfully
16:26:37.304 [TestNG-tests-2] INFO  testCases.DeleteEmployeeTest - page title is matched
16:26:39.893 [TestNG-tests-2] INFO  testCases.DeleteEmployeeTest - Successfully landed into Employee List page
16:26:40.414 [TestNG-tests-2] INFO  testCases.DeleteEmployeeTest - EmployeeId is entered in the employeeId field
16:26:40.504 [TestNG-tests-2] INFO  testCases.DeleteEmployeeTest - Searched Employee entry is not found in the table
16:26:43.996 [TestNG-tests-2] INFO  testCases.DeleteEmployeeTest - Logged out Successfully
16:26:46.011 [TestNG-tests-2] INFO  utilities.Listeners - Execution completed
