16:11:09.559 [TestNG-tests-1] INFO  utilities.Listeners - deleteEmployee Test execution started
16:11:09.570 [TestNG-tests-1] INFO  testCases.AddEmployeeTest - Landed into login page
16:11:09.730 [TestNG-tests-2] INFO  testCases.AddEmployeeTest - Searched Employee entry is found in the table
16:11:10.173 [TestNG-tests-1] INFO  testCases.AddEmployeeTest - Logged in Successfully
16:11:10.825 [TestNG-tests-2] INFO  testCases.AddEmployeeTest - Logged out Successfully
16:11:10.834 [TestNG-tests-2] INFO  utilities.Listeners - deleteEmployee Test execution started
16:11:10.835 [TestNG-tests-2] INFO  testCases.AddEmployeeTest - Landed into login page
16:11:11.423 [TestNG-tests-1] INFO  testCases.AddEmployeeTest - page title is matched
16:11:12.765 [TestNG-tests-2] INFO  testCases.AddEmployeeTest - Logged in Successfully
16:11:12.773 [TestNG-tests-2] INFO  testCases.AddEmployeeTest - page title is matched
16:11:13.285 [TestNG-tests-1] INFO  testCases.AddEmployeeTest - Successfully landed into Employee List page
16:11:13.957 [TestNG-tests-1] INFO  testCases.AddEmployeeTest - EmployeeId is entered in the employeeId field
16:11:14.055 [TestNG-tests-1] INFO  testCases.AddEmployeeTest - Searched Employee entry is not found in the table
16:11:14.813 [TestNG-tests-2] INFO  testCases.AddEmployeeTest - Successfully landed into Employee List page
16:11:15.336 [TestNG-tests-2] INFO  testCases.AddEmployeeTest - EmployeeId is entered in the employeeId field
16:11:15.422 [TestNG-tests-2] INFO  testCases.AddEmployeeTest - Searched Employee entry is not found in the table
16:11:15.908 [TestNG-tests-2] ERROR testCases.AddEmployeeTest - Test Failed
16:11:15.912 [TestNG-tests-2] INFO  utilities.Listeners - deleteEmployee Test execution started
16:11:15.912 [TestNG-tests-2] INFO  testCases.AddEmployeeTest - Landed into login page
16:11:16.356 [TestNG-tests-1] INFO  testCases.AddEmployeeTest - Logged out Successfully
16:11:18.284 [TestNG-tests-1] INFO  utilities.Listeners - Execution completed
16:11:25.932 [TestNG-tests-2] INFO  utilities.Listeners - deleteEmployee Test execution started
16:11:25.933 [TestNG-tests-2] INFO  testCases.AddEmployeeTest - Landed into login page
16:11:35.978 [TestNG-tests-2] INFO  utilities.Listeners - deleteEmployee Test execution started
16:11:35.979 [TestNG-tests-2] INFO  testCases.AddEmployeeTest - Landed into login page
16:11:48.292 [TestNG-tests-2] INFO  utilities.Listeners - Execution completed
