12:37:32.333 [TestNG-tests-1] INFO  utilities.Listeners - Execution started
12:37:32.333 [TestNG-tests-2] INFO  utilities.Listeners - Execution started
12:37:32.726 [TestNG-tests-2] INFO  io.github.bonigarcia.wdm.WebDriverManager - Using msedgedriver 133.0.3065.69 (resolved driver for Edge 133)
12:37:32.775 [TestNG-tests-2] INFO  io.github.bonigarcia.wdm.WebDriverManager - Exporting webdriver.edge.driver as C:\Users\ashish.vanjarapu\.cache\selenium\msedgedriver\win64\133.0.3065.69\msedgedriver.exe
12:37:33.197 [TestNG-tests-1] INFO  io.github.bonigarcia.wdm.WebDriverManager - Using chromedriver 132.0.6834.159 (resolved driver for Chrome 132)
12:37:33.208 [TestNG-tests-1] INFO  io.github.bonigarcia.wdm.WebDriverManager - Exporting webdriver.chrome.driver as C:\Users\ashish.vanjarapu\.cache\selenium\chromedriver\win64\132.0.6834.159\chromedriver.exe
12:37:38.553 [TestNG-tests-2] INFO  utilities.Listeners - addEmployee Test execution started
12:37:38.555 [TestNG-tests-2] INFO  testCases.AddEmployeeTest - Landed into login page
12:37:39.050 [TestNG-tests-1] INFO  utilities.Listeners - addEmployee Test execution started
12:37:39.050 [TestNG-tests-1] INFO  testCases.AddEmployeeTest - Landed into login page
12:37:40.200 [TestNG-tests-1] INFO  testCases.AddEmployeeTest - Logged in Successfully
12:37:42.490 [TestNG-tests-2] INFO  testCases.AddEmployeeTest - Logged in Successfully
12:37:42.496 [TestNG-tests-2] INFO  testCases.AddEmployeeTest - page title is matched
12:37:43.134 [TestNG-tests-1] INFO  testCases.AddEmployeeTest - page title is matched
12:37:49.772 [TestNG-tests-2] INFO  testCases.AddEmployeeTest - New Employee added Successfully
12:37:50.425 [TestNG-tests-1] INFO  testCases.AddEmployeeTest - New Employee added Successfully
12:37:52.722 [TestNG-tests-2] INFO  testCases.AddEmployeeTest - Success Message is matched
12:37:53.332 [TestNG-tests-1] INFO  testCases.AddEmployeeTest - Success Message is matched
12:37:53.992 [TestNG-tests-2] INFO  testCases.AddEmployeeTest - Successfully landed into Employee List page
12:37:54.692 [TestNG-tests-2] INFO  testCases.AddEmployeeTest - Created EmployeeId is entered in the employeeId field
12:37:54.780 [TestNG-tests-1] INFO  testCases.AddEmployeeTest - Successfully landed into Employee List page
12:37:55.945 [TestNG-tests-1] INFO  testCases.AddEmployeeTest - Created EmployeeId is entered in the employeeId field
12:37:56.718 [TestNG-tests-2] INFO  testCases.AddEmployeeTest - Created Employee is displayed in the table
12:37:56.976 [TestNG-tests-1] INFO  testCases.AddEmployeeTest - Created Employee is displayed in the table
12:37:58.458 [TestNG-tests-2] INFO  testCases.AddEmployeeTest - Logged out Successfully
12:37:58.718 [TestNG-tests-1] INFO  testCases.AddEmployeeTest - Logged out Successfully
12:37:58.989 [TestNG-tests-1] INFO  io.github.bonigarcia.wdm.WebDriverManager - Using chromedriver 132.0.6834.159 (resolved driver for Chrome 132)
12:37:58.996 [TestNG-tests-1] INFO  io.github.bonigarcia.wdm.WebDriverManager - Exporting webdriver.chrome.driver as C:\Users\ashish.vanjarapu\.cache\selenium\chromedriver\win64\132.0.6834.159\chromedriver.exe
12:37:59.819 [TestNG-tests-2] INFO  io.github.bonigarcia.wdm.WebDriverManager - Using msedgedriver 133.0.3065.69 (resolved driver for Edge 133)
12:37:59.827 [TestNG-tests-2] INFO  io.github.bonigarcia.wdm.WebDriverManager - Exporting webdriver.edge.driver as C:\Users\ashish.vanjarapu\.cache\selenium\msedgedriver\win64\133.0.3065.69\msedgedriver.exe
12:37:59.863 [TestNG-tests-1] INFO  utilities.Listeners - notExistEmployeeDetails Test execution started
12:38:00.872 [TestNG-tests-1] INFO  utilities.Listeners - Execution completed
12:38:06.433 [TestNG-tests-2] INFO  utilities.Listeners - notExistEmployeeDetails Test execution started
12:38:06.433 [TestNG-tests-2] INFO  testCases.NotExistEmployeeDetailsTest - Landed into login page
12:38:11.920 [TestNG-tests-2] INFO  testCases.NotExistEmployeeDetailsTest - Logged in Successfully
12:38:11.925 [TestNG-tests-2] INFO  testCases.NotExistEmployeeDetailsTest - page title is matched
12:38:15.433 [TestNG-tests-2] INFO  testCases.NotExistEmployeeDetailsTest - Successfully landed into Employee List page
12:38:16.150 [TestNG-tests-2] INFO  testCases.NotExistEmployeeDetailsTest - EmployeeId is entered in the employeeId field
12:38:17.552 [TestNG-tests-2] INFO  testCases.NotExistEmployeeDetailsTest - Searched Employee is not found in the table
12:38:18.854 [TestNG-tests-2] INFO  testCases.NotExistEmployeeDetailsTest - Logged out Successfully
12:38:20.544 [TestNG-tests-2] INFO  utilities.Listeners - Execution completed
