10:22:34.312 [TestNG-tests-1] INFO  utilities.Listeners - Execution started
10:22:40.659 [TestNG-tests-1] INFO  utilities.Listeners - testLoginAndLogout Test execution started
10:22:40.663 [TestNG-tests-1] INFO  testCases.LoginandLogoutTest - Landed into login page
10:22:42.912 [TestNG-tests-1] INFO  testCases.LoginandLogoutTest - Logged in Successfully
10:22:42.919 [TestNG-tests-1] INFO  testCases.LoginandLogoutTest - page title is matched
10:22:47.111 [TestNG-tests-1] INFO  testCases.LoginandLogoutTest - Logged out Successfully
10:22:51.281 [TestNG-tests-1] INFO  utilities.Listeners - addEmployee Test execution started
10:22:51.284 [TestNG-tests-1] INFO  testCases.AddEmployeeTest - Landed into login page
10:22:53.066 [TestNG-tests-1] INFO  testCases.AddEmployeeTest - Logged in Successfully
10:22:56.675 [TestNG-tests-1] INFO  testCases.AddEmployeeTest - New Employee added Successfully
10:22:58.070 [TestNG-tests-1] INFO  utilities.Listeners - addEmployee Test execution started
10:22:58.070 [TestNG-tests-1] INFO  testCases.AddEmployeeTest - Landed into login page
10:23:08.086 [TestNG-tests-1] ERROR testCases.AddEmployeeTest - Test Failed
10:23:08.088 [TestNG-tests-1] INFO  utilities.Listeners - addEmployee Test execution started
10:23:08.088 [TestNG-tests-1] INFO  testCases.AddEmployeeTest - Landed into login page
10:23:10.460 [TestNG-tests-1] ERROR testCases.AddEmployeeTest - Test Failed
10:23:10.463 [TestNG-tests-1] INFO  utilities.Listeners - addEmployee Test execution started
10:23:10.464 [TestNG-tests-1] INFO  testCases.AddEmployeeTest - Landed into login page
10:23:10.469 [TestNG-tests-1] ERROR testCases.AddEmployeeTest - Test Failed
10:23:11.547 [TestNG-tests-1] INFO  utilities.Listeners - Execution completed
