11:00:29.840 [TestNG-tests-1] INFO  utilities.Listeners - Execution started
11:00:29.840 [TestNG-tests-2] INFO  utilities.Listeners - Execution started
11:00:34.257 [TestNG-tests-1] INFO  utilities.Listeners - addEmployee Test execution started
11:00:34.259 [TestNG-tests-1] INFO  testCases.AddEmployeeTest - Landed into login page
11:00:35.662 [TestNG-tests-2] INFO  utilities.Listeners - addEmployee Test execution started
11:00:35.662 [TestNG-tests-2] INFO  testCases.AddEmployeeTest - Landed into login page
11:00:36.007 [TestNG-tests-1] INFO  testCases.AddEmployeeTest - Logged in Successfully
11:00:36.015 [TestNG-tests-1] INFO  testCases.AddEmployeeTest - page title is matched
11:00:37.743 [TestNG-tests-2] INFO  testCases.AddEmployeeTest - Logged in Successfully
11:00:37.749 [TestNG-tests-2] INFO  testCases.AddEmployeeTest - page title is matched
11:00:39.692 [TestNG-tests-1] INFO  testCases.AddEmployeeTest - New Employee added Successfully
11:00:40.992 [TestNG-tests-1] INFO  testCases.AddEmployeeTest - Success Message is matched
11:00:41.494 [TestNG-tests-1] INFO  testCases.AddEmployeeTest - Successfully landed into Employee List page
11:00:41.520 [TestNG-tests-2] INFO  testCases.AddEmployeeTest - New Employee added Successfully
11:00:41.944 [TestNG-tests-1] INFO  testCases.AddEmployeeTest - Created EmployeeId is entered in the employeeId field
11:00:42.820 [TestNG-tests-2] INFO  testCases.AddEmployeeTest - Success Message is matched
11:00:43.183 [TestNG-tests-1] INFO  testCases.AddEmployeeTest - Created Employee is displayed in the table
11:00:43.332 [TestNG-tests-2] INFO  testCases.AddEmployeeTest - Successfully landed into Employee List page
11:00:43.819 [TestNG-tests-2] INFO  testCases.AddEmployeeTest - Created EmployeeId is entered in the employeeId field
11:00:44.044 [TestNG-tests-1] INFO  testCases.AddEmployeeTest - Logged out Successfully
11:00:44.354 [TestNG-tests-2] INFO  testCases.NotExistEmployeeDetailsTest - Created Employee is displayed in the table
11:00:45.358 [TestNG-tests-2] INFO  testCases.NotExistEmployeeDetailsTest - Logged out Successfully
11:00:48.683 [TestNG-tests-1] INFO  utilities.Listeners - notExistEmployeeDetails Test execution started
11:00:48.683 [TestNG-tests-1] INFO  testCases.NotExistEmployeeDetailsTest - Landed into login page
11:00:50.529 [TestNG-tests-1] INFO  testCases.NotExistEmployeeDetailsTest - Logged in Successfully
11:00:50.534 [TestNG-tests-1] INFO  testCases.NotExistEmployeeDetailsTest - page title is matched
11:00:52.124 [TestNG-tests-1] INFO  testCases.NotExistEmployeeDetailsTest - Successfully landed into Employee List page
11:00:52.642 [TestNG-tests-1] INFO  testCases.NotExistEmployeeDetailsTest - EmployeeId is entered in the employeeId field
11:00:52.752 [TestNG-tests-2] INFO  utilities.Listeners - notExistEmployeeDetails Test execution started
11:00:52.752 [TestNG-tests-2] INFO  testCases.NotExistEmployeeDetailsTest - Landed into login page
11:00:53.238 [TestNG-tests-1] INFO  testCases.NotExistEmployeeDetailsTest - Searched Employee is not found in the table
11:00:54.150 [TestNG-tests-1] INFO  testCases.NotExistEmployeeDetailsTest - Logged out Successfully
11:00:54.828 [TestNG-tests-2] INFO  testCases.NotExistEmployeeDetailsTest - Logged in Successfully
11:00:54.834 [TestNG-tests-2] INFO  testCases.NotExistEmployeeDetailsTest - page title is matched
11:00:55.256 [TestNG-tests-1] INFO  utilities.Listeners - Execution completed
11:00:56.560 [TestNG-tests-2] INFO  testCases.NotExistEmployeeDetailsTest - Successfully landed into Employee List page
11:00:57.014 [TestNG-tests-2] INFO  testCases.NotExistEmployeeDetailsTest - EmployeeId is entered in the employeeId field
11:00:57.785 [TestNG-tests-2] INFO  testCases.NotExistEmployeeDetailsTest - Searched Employee is not found in the table
11:00:58.617 [TestNG-tests-2] INFO  testCases.NotExistEmployeeDetailsTest - Logged out Successfully
11:00:59.994 [TestNG-tests-2] INFO  utilities.Listeners - Execution completed
