17:54:15.647 [TestNG-tests-2] INFO  utilities.Listeners - Execution started
17:54:15.647 [TestNG-tests-1] INFO  utilities.Listeners - Execution started
17:54:16.597 [TestNG-tests-1] INFO  io.github.bonigarcia.wdm.WebDriverManager - Using chromedriver 132.0.6834.159 (resolved driver for Chrome 132)
17:54:16.631 [TestNG-tests-1] INFO  io.github.bonigarcia.wdm.WebDriverManager - Exporting webdriver.chrome.driver as C:\Users\ashish.vanjarapu\.cache\selenium\chromedriver\win64\132.0.6834.159\chromedriver.exe
17:54:20.069 [TestNG-tests-2] INFO  io.github.bonigarcia.wdm.WebDriverManager - Using msedgedriver 133.0.3065.59 (resolved driver for Edge 133)
17:54:20.092 [TestNG-tests-2] INFO  io.github.bonigarcia.wdm.WebDriverManager - Exporting webdriver.edge.driver as C:\Users\ashish.vanjarapu\.cache\selenium\msedgedriver\win64\133.0.3065.59\msedgedriver.exe
17:54:20.115 [TestNG-tests-2] INFO  utilities.Listeners - addEmployee Test execution started
17:54:22.385 [TestNG-tests-2] INFO  utilities.Listeners - Execution completed
17:54:27.153 [TestNG-tests-1] INFO  utilities.Listeners - addEmployee Test execution started
17:54:27.159 [TestNG-tests-1] INFO  testCases.AddEmployeeTest - Landed into login page
17:54:30.428 [TestNG-tests-1] INFO  testCases.AddEmployeeTest - Logged in Successfully
17:54:30.442 [TestNG-tests-1] INFO  testCases.AddEmployeeTest - page title is matched
17:54:31.399 [TestNG-tests-1] ERROR testCases.AddEmployeeTest - Test Failed
17:54:31.445 [TestNG-tests-1] INFO  utilities.Listeners - addEmployee Test execution started
17:54:31.445 [TestNG-tests-1] INFO  testCases.AddEmployeeTest - Landed into login page
17:54:31.461 [TestNG-tests-1] INFO  utilities.Listeners - addEmployee Test execution started
17:54:31.461 [TestNG-tests-1] INFO  testCases.AddEmployeeTest - Landed into login page
17:54:31.473 [TestNG-tests-1] INFO  utilities.Listeners - addEmployee Test execution started
17:54:31.473 [TestNG-tests-1] INFO  testCases.AddEmployeeTest - Landed into login page
17:54:32.211 [TestNG-tests-1] INFO  utilities.Listeners - Execution completed
