13:48:13.235 [TestNG-tests-1] INFO  utilities.Listeners - Execution started
13:48:13.235 [TestNG-tests-2] INFO  utilities.Listeners - Execution started
13:48:17.667 [TestNG-tests-1] INFO  utilities.Listeners - addEmployee Test execution started
13:48:17.669 [TestNG-tests-1] INFO  testCases.AddEmployeeTest - Landed into login page
13:48:19.053 [TestNG-tests-2] INFO  utilities.Listeners - addEmployee Test execution started
13:48:19.053 [TestNG-tests-2] INFO  testCases.AddEmployeeTest - Landed into login page
13:48:19.750 [TestNG-tests-1] INFO  testCases.AddEmployeeTest - Logged in Successfully
13:48:19.759 [TestNG-tests-1] INFO  testCases.AddEmployeeTest - page title is matched
13:48:21.120 [TestNG-tests-2] INFO  testCases.AddEmployeeTest - Logged in Successfully
13:48:21.125 [TestNG-tests-2] INFO  testCases.AddEmployeeTest - page title is matched
13:48:23.529 [TestNG-tests-1] INFO  testCases.AddEmployeeTest - New Employee added Successfully
13:48:24.835 [TestNG-tests-1] INFO  testCases.AddEmployeeTest - Success Message is matched
13:48:24.849 [TestNG-tests-2] INFO  testCases.AddEmployeeTest - New Employee added Successfully
13:48:25.349 [TestNG-tests-1] INFO  testCases.AddEmployeeTest - Successfully landed into Employee List page
13:48:25.796 [TestNG-tests-1] INFO  testCases.AddEmployeeTest - Created EmployeeId is entered in the employeeId field
13:48:26.229 [TestNG-tests-2] INFO  testCases.AddEmployeeTest - Success Message is matched
13:48:26.360 [TestNG-tests-1] INFO  testCases.AddEmployeeTest - Created Employee is displayed in the table
13:48:26.796 [TestNG-tests-2] INFO  testCases.AddEmployeeTest - Successfully landed into Employee List page
13:48:27.333 [TestNG-tests-2] INFO  testCases.AddEmployeeTest - Created EmployeeId is entered in the employeeId field
13:48:27.382 [TestNG-tests-1] INFO  testCases.AddEmployeeTest - Logged out Successfully
13:48:27.892 [TestNG-tests-2] INFO  testCases.NotExistEmployeeDetailsTest - Created Employee is displayed in the table
13:48:28.880 [TestNG-tests-2] INFO  testCases.NotExistEmployeeDetailsTest - Logged out Successfully
13:48:32.243 [TestNG-tests-1] INFO  utilities.Listeners - notExistEmployeeDetails Test execution started
13:48:32.243 [TestNG-tests-1] INFO  testCases.NotExistEmployeeDetailsTest - Landed into login page
13:48:33.980 [TestNG-tests-1] INFO  testCases.NotExistEmployeeDetailsTest - Logged in Successfully
13:48:33.985 [TestNG-tests-1] INFO  testCases.NotExistEmployeeDetailsTest - page title is matched
13:48:35.669 [TestNG-tests-1] INFO  testCases.NotExistEmployeeDetailsTest - Successfully landed into Employee List page
13:48:36.155 [TestNG-tests-1] INFO  testCases.NotExistEmployeeDetailsTest - EmployeeId is entered in the employeeId field
13:48:36.246 [TestNG-tests-2] INFO  utilities.Listeners - notExistEmployeeDetails Test execution started
13:48:36.246 [TestNG-tests-2] INFO  testCases.NotExistEmployeeDetailsTest - Landed into login page
13:48:36.858 [TestNG-tests-1] INFO  testCases.NotExistEmployeeDetailsTest - Searched Employee is not found in the table
13:48:37.783 [TestNG-tests-1] INFO  testCases.NotExistEmployeeDetailsTest - Logged out Successfully
13:48:38.343 [TestNG-tests-2] INFO  testCases.NotExistEmployeeDetailsTest - Logged in Successfully
13:48:38.351 [TestNG-tests-2] INFO  testCases.NotExistEmployeeDetailsTest - page title is matched
13:48:39.211 [TestNG-tests-1] INFO  utilities.Listeners - Execution completed
13:48:40.075 [TestNG-tests-2] INFO  testCases.NotExistEmployeeDetailsTest - Successfully landed into Employee List page
13:48:40.528 [TestNG-tests-2] INFO  testCases.NotExistEmployeeDetailsTest - EmployeeId is entered in the employeeId field
13:48:41.219 [TestNG-tests-2] INFO  testCases.NotExistEmployeeDetailsTest - Searched Employee is not found in the table
13:48:42.071 [TestNG-tests-2] INFO  testCases.NotExistEmployeeDetailsTest - Logged out Successfully
13:48:43.456 [TestNG-tests-2] INFO  utilities.Listeners - Execution completed
