18:46:29.716 [TestNG-tests-1] INFO  utilities.Listeners - Execution started
18:46:44.111 [TestNG-tests-1] INFO  utilities.Listeners - testLoginAndLogout Test execution started
18:46:44.118 [TestNG-tests-1] INFO  testCases.LoginandLogoutTest - Landed into login page
18:46:47.702 [TestNG-tests-1] INFO  testCases.LoginandLogoutTest - Logged in Successfully
18:46:47.714 [TestNG-tests-1] INFO  testCases.LoginandLogoutTest - page title is matched
18:46:52.785 [TestNG-tests-1] INFO  testCases.LoginandLogoutTest - Logged out Successfully
18:46:58.983 [TestNG-tests-1] INFO  utilities.Listeners - addEmployee Test execution started
18:46:59.009 [TestNG-tests-1] INFO  testCases.AddEmployeeTest - Landed into login page
18:47:01.330 [TestNG-tests-1] INFO  testCases.AddEmployeeTest - Logged in Successfully
18:47:05.200 [TestNG-tests-1] INFO  testCases.AddEmployeeTest - New Employee added Successfully
18:47:06.619 [TestNG-tests-1] INFO  testCases.AddEmployeeTest - Success Message is matched
18:47:07.226 [TestNG-tests-1] INFO  testCases.AddEmployeeTest - Successfully landed into Employee List page
18:47:07.792 [TestNG-tests-1] INFO  testCases.AddEmployeeTest - Created EmployeeId is entered in the employeeId field
18:47:07.895 [TestNG-tests-1] INFO  testCases.AddEmployeeTest - Created Employee details is displayed in the table
18:47:09.158 [TestNG-tests-1] INFO  utilities.Listeners - addEmployee Test execution started
18:47:09.159 [TestNG-tests-1] INFO  testCases.AddEmployeeTest - Landed into login page
18:47:19.193 [TestNG-tests-1] ERROR testCases.AddEmployeeTest - Test Failed
18:47:19.196 [TestNG-tests-1] INFO  utilities.Listeners - addEmployee Test execution started
18:47:19.197 [TestNG-tests-1] INFO  testCases.AddEmployeeTest - Landed into login page
18:47:29.298 [TestNG-tests-1] ERROR testCases.AddEmployeeTest - Test Failed
18:47:29.301 [TestNG-tests-1] INFO  utilities.Listeners - addEmployee Test execution started
18:47:29.302 [TestNG-tests-1] INFO  testCases.AddEmployeeTest - Landed into login page
18:47:39.333 [TestNG-tests-1] ERROR testCases.AddEmployeeTest - Test Failed
18:47:41.280 [TestNG-tests-1] INFO  utilities.Listeners - Execution completed
