18:33:31.106 [TestNG-tests-1] INFO  utilities.Listeners - Execution started
18:33:31.106 [TestNG-tests-3] INFO  utilities.Listeners - Execution started
18:33:31.106 [TestNG-tests-2] INFO  utilities.Listeners - Execution started
18:33:31.183 [TestNG-tests-1] INFO  utilities.Listeners - addEmployee Test execution started
18:33:31.185 [TestNG-tests-3] INFO  utilities.Listeners - addEmployee Test execution started
18:33:31.744 [TestNG-tests-1] INFO  io.github.bonigarcia.wdm.WebDriverManager - Using chromedriver 132.0.6834.159 (resolved driver for Chrome 132)
18:33:31.744 [TestNG-tests-3] INFO  io.github.bonigarcia.wdm.WebDriverManager - Using geckodriver 0.35.0 (resolved driver for Firefox 115)
18:33:31.744 [TestNG-tests-2] INFO  io.github.bonigarcia.wdm.WebDriverManager - Using msedgedriver 133.0.3065.59 (resolved driver for Edge 133)
18:33:31.820 [TestNG-tests-3] INFO  io.github.bonigarcia.wdm.WebDriverManager - Exporting webdriver.gecko.driver as C:\Users\ashish.vanjarapu\.cache\selenium\geckodriver\win64\0.35.0\geckodriver.exe
18:33:31.820 [TestNG-tests-2] INFO  io.github.bonigarcia.wdm.WebDriverManager - Exporting webdriver.edge.driver as C:\Users\ashish.vanjarapu\.cache\selenium\msedgedriver\win64\133.0.3065.59\msedgedriver.exe
18:33:31.821 [TestNG-tests-1] INFO  io.github.bonigarcia.wdm.WebDriverManager - Exporting webdriver.chrome.driver as C:\Users\ashish.vanjarapu\.cache\selenium\chromedriver\win64\132.0.6834.159\chromedriver.exe
18:33:34.293 [TestNG-tests-2] INFO  utilities.Listeners - addEmployee Test execution started
18:33:34.327 [TestNG-tests-2] INFO  io.github.bonigarcia.wdm.WebDriverManager - Using msedgedriver 133.0.3065.59 (resolved driver for Edge 133)
18:33:34.346 [TestNG-tests-2] INFO  io.github.bonigarcia.wdm.WebDriverManager - Exporting webdriver.edge.driver as C:\Users\ashish.vanjarapu\.cache\selenium\msedgedriver\win64\133.0.3065.59\msedgedriver.exe
18:33:34.435 [TestNG-tests-1] INFO  utilities.Listeners - notExistEmployeeDetails Test execution started
18:33:38.230 [TestNG-tests-2] INFO  utilities.Listeners - notExistEmployeeDetails Test execution started
18:33:38.522 [TestNG-tests-1] INFO  utilities.Listeners - Execution completed
18:33:38.579 [TestNG-tests-2] INFO  utilities.Listeners - Execution completed
18:33:40.824 [TestNG-tests-3] INFO  utilities.Listeners - notExistEmployeeDetails Test execution started
18:33:41.073 [TestNG-tests-3] INFO  utilities.Listeners - Execution completed
