11:25:58.681 [TestNG-tests-2] INFO  utilities.Listeners - Execution started
11:25:58.681 [TestNG-tests-1] INFO  utilities.Listeners - Execution started
11:25:59.070 [TestNG-tests-2] INFO  io.github.bonigarcia.wdm.WebDriverManager - Using msedgedriver 133.0.3065.69 (resolved driver for Edge 133)
11:25:59.070 [TestNG-tests-1] INFO  io.github.bonigarcia.wdm.WebDriverManager - Using chromedriver 132.0.6834.159 (resolved driver for Chrome 132)
11:25:59.156 [TestNG-tests-1] INFO  io.github.bonigarcia.wdm.WebDriverManager - Exporting webdriver.chrome.driver as C:\Users\ashish.vanjarapu\.cache\selenium\chromedriver\win64\132.0.6834.159\chromedriver.exe
11:25:59.156 [TestNG-tests-2] INFO  io.github.bonigarcia.wdm.WebDriverManager - Exporting webdriver.edge.driver as C:\Users\ashish.vanjarapu\.cache\selenium\msedgedriver\win64\133.0.3065.69\msedgedriver.exe
11:26:04.132 [TestNG-tests-1] INFO  utilities.Listeners - addEmployee Test execution started
11:26:04.134 [TestNG-tests-1] INFO  testCases.AddEmployeeTest - Landed into login page
11:26:05.404 [TestNG-tests-2] INFO  utilities.Listeners - addEmployee Test execution started
11:26:05.404 [TestNG-tests-2] INFO  testCases.AddEmployeeTest - Landed into login page
11:26:07.709 [TestNG-tests-2] INFO  testCases.AddEmployeeTest - Logged in Successfully
11:26:07.716 [TestNG-tests-2] INFO  testCases.AddEmployeeTest - page title is matched
11:26:08.337 [TestNG-tests-1] INFO  testCases.AddEmployeeTest - Logged in Successfully
11:26:08.344 [TestNG-tests-1] INFO  testCases.AddEmployeeTest - page title is matched
11:26:11.994 [TestNG-tests-2] INFO  testCases.AddEmployeeTest - New Employee added Successfully
11:26:13.454 [TestNG-tests-1] INFO  testCases.AddEmployeeTest - New Employee added Successfully
11:26:13.884 [TestNG-tests-2] INFO  testCases.AddEmployeeTest - Success Message is matched
11:26:14.466 [TestNG-tests-2] INFO  testCases.AddEmployeeTest - Successfully landed into Employee List page
11:26:14.858 [TestNG-tests-1] INFO  testCases.AddEmployeeTest - Success Message is matched
11:26:15.014 [TestNG-tests-2] INFO  testCases.AddEmployeeTest - Created EmployeeId is entered in the employeeId field
11:26:15.438 [TestNG-tests-1] INFO  testCases.AddEmployeeTest - Successfully landed into Employee List page
11:26:15.620 [TestNG-tests-2] INFO  testCases.AddEmployeeTest - Created Employee is displayed in the table
11:26:15.969 [TestNG-tests-1] INFO  testCases.AddEmployeeTest - Created EmployeeId is entered in the employeeId field
11:26:16.441 [TestNG-tests-1] ERROR testCases.AddEmployeeTest - Test Failed
11:26:16.555 [TestNG-tests-2] INFO  testCases.AddEmployeeTest - Logged out Successfully
11:26:16.769 [TestNG-tests-1] INFO  io.github.bonigarcia.wdm.WebDriverManager - Using chromedriver 132.0.6834.159 (resolved driver for Chrome 132)
11:26:16.781 [TestNG-tests-1] INFO  io.github.bonigarcia.wdm.WebDriverManager - Exporting webdriver.chrome.driver as C:\Users\ashish.vanjarapu\.cache\selenium\chromedriver\win64\132.0.6834.159\chromedriver.exe
11:26:17.966 [TestNG-tests-2] INFO  io.github.bonigarcia.wdm.WebDriverManager - Using msedgedriver 133.0.3065.69 (resolved driver for Edge 133)
11:26:17.973 [TestNG-tests-2] INFO  io.github.bonigarcia.wdm.WebDriverManager - Exporting webdriver.edge.driver as C:\Users\ashish.vanjarapu\.cache\selenium\msedgedriver\win64\133.0.3065.69\msedgedriver.exe
11:26:20.630 [TestNG-tests-1] INFO  utilities.Listeners - addEmployee Test execution started
11:26:20.630 [TestNG-tests-1] INFO  testCases.NotExistEmployeeDetailsTest - Landed into login page
11:26:20.634 [TestNG-tests-1] INFO  utilities.Listeners - addEmployee Test execution started
11:26:20.634 [TestNG-tests-1] INFO  testCases.NotExistEmployeeDetailsTest - Landed into login page
11:26:20.636 [TestNG-tests-1] INFO  utilities.Listeners - addEmployee Test execution started
11:26:20.636 [TestNG-tests-1] INFO  testCases.NotExistEmployeeDetailsTest - Landed into login page
11:26:21.676 [TestNG-tests-1] INFO  utilities.Listeners - Execution completed
11:26:24.830 [TestNG-tests-2] INFO  utilities.Listeners - notExistEmployeeDetails Test execution started
11:26:24.830 [TestNG-tests-2] INFO  testCases.NotExistEmployeeDetailsTest - Landed into login page
11:26:27.328 [TestNG-tests-2] INFO  testCases.NotExistEmployeeDetailsTest - Logged in Successfully
11:26:27.333 [TestNG-tests-2] INFO  testCases.NotExistEmployeeDetailsTest - page title is matched
11:26:29.305 [TestNG-tests-2] INFO  testCases.NotExistEmployeeDetailsTest - Successfully landed into Employee List page
11:26:30.107 [TestNG-tests-2] INFO  testCases.NotExistEmployeeDetailsTest - EmployeeId is entered in the employeeId field
11:26:31.309 [TestNG-tests-2] INFO  testCases.NotExistEmployeeDetailsTest - Searched Employee is not found in the table
11:26:32.311 [TestNG-tests-2] INFO  testCases.NotExistEmployeeDetailsTest - Logged out Successfully
11:26:33.895 [TestNG-tests-2] INFO  utilities.Listeners - Execution completed
