11:44:00.034 [main] INFO  testCases.ExistEmployeeDetailsTest - Logged in Successfully
11:44:01.551 [main] INFO  testCases.ExistEmployeeDetailsTest - Successfully landed into Employee List page
11:44:02.055 [main] INFO  testCases.ExistEmployeeDetailsTest - EmployeeId is entered in the employeeId field
11:44:02.151 [main] INFO  testCases.ExistEmployeeDetailsTest - Searched Employee entry is found in the table
11:44:03.081 [main] ERROR testCases.ExistEmployeeDetailsTest - Test Failed
11:44:08.331 [main] INFO  utilities.Listeners - existEmployeeDetails Test execution started
11:44:08.333 [main] INFO  testCases.ExistEmployeeDetailsTest - Landed into login page
11:44:10.501 [main] INFO  testCases.ExistEmployeeDetailsTest - Logged in Successfully
11:44:12.103 [main] INFO  testCases.ExistEmployeeDetailsTest - Successfully landed into Employee List page
11:44:12.729 [main] INFO  testCases.ExistEmployeeDetailsTest - EmployeeId is entered in the employeeId field
11:44:12.829 [main] INFO  testCases.ExistEmployeeDetailsTest - Searched Employee entry is found in the table
11:44:13.314 [main] ERROR testCases.ExistEmployeeDetailsTest - Test Failed
11:44:20.396 [main] INFO  utilities.Listeners - notExistEmployeeDetails Test execution started
11:44:20.397 [main] INFO  testCases.NotExistEmployeeDetailsTest - Landed into login page
11:44:23.270 [main] INFO  testCases.NotExistEmployeeDetailsTest - Logged in Successfully
11:44:24.874 [main] INFO  testCases.NotExistEmployeeDetailsTest - Successfully landed into Employee List page
11:44:25.392 [main] INFO  testCases.NotExistEmployeeDetailsTest - EmployeeId is entered in the employeeId field
11:44:25.492 [main] INFO  testCases.NotExistEmployeeDetailsTest - Searched Employee entry is not found in the table
11:44:25.914 [main] INFO  testCases.NotExistEmployeeDetailsTest - No Records Found Message is matched
11:44:27.577 [main] INFO  utilities.Listeners - Execution completed
