10:54:39.184 [main] INFO  utilities.Listeners - Execution started
10:54:47.733 [main] INFO  utilities.Listeners - testLoginAndLogout Test execution started
10:54:47.742 [main] INFO  testCases.LoginandLogoutTest - Landed into login page
10:54:51.420 [main] INFO  testCases.LoginandLogoutTest - Logged in Successfully
10:54:51.436 [main] INFO  testCases.LoginandLogoutTest - page title is matched
10:54:54.372 [main] INFO  testCases.LoginandLogoutTest - Logged out Successfully
10:54:54.394 [main] INFO  utilities.Listeners - addEmployee Test execution started
10:54:54.396 [main] INFO  testCases.LoginandLogoutTest - Landed into login page
10:54:56.107 [main] INFO  testCases.LoginandLogoutTest - Logged in Successfully
10:55:00.211 [main] INFO  testCases.LoginandLogoutTest - New Employee added Successfully
10:55:02.133 [main] INFO  testCases.LoginandLogoutTest - textToBePresentInElementLocatedis not found
10:55:02.134 [main] INFO  testCases.LoginandLogoutTest - Success Message is matched
10:55:02.731 [main] INFO  testCases.LoginandLogoutTest - Successfully landed into Employee List page
10:55:03.320 [main] INFO  testCases.LoginandLogoutTest - Created EmployeeId is entered in the employeeId field
10:55:03.433 [main] INFO  testCases.LoginandLogoutTest - elementToBeClickableis not found
10:55:03.434 [main] INFO  testCases.LoginandLogoutTest - Created Employee details is displayed in the table
10:55:04.034 [main] INFO  testCases.LoginandLogoutTest - EmployeeId is matched
10:55:04.036 [main] INFO  utilities.Listeners - employeeDetails Test execution started
10:55:04.038 [main] INFO  testCases.LoginandLogoutTest - Landed into login page
10:55:14.078 [main] ERROR testCases.LoginandLogoutTest - Test Failed
10:55:14.082 [main] INFO  utilities.Listeners - employeeDetails Test execution started
10:55:14.084 [main] INFO  testCases.LoginandLogoutTest - Landed into login page
10:55:23.397 [main] ERROR testCases.LoginandLogoutTest - Test Failed
10:55:23.401 [main] INFO  utilities.Listeners - employeeDetails Test execution started
10:55:23.403 [main] INFO  testCases.LoginandLogoutTest - Landed into login page
10:55:23.426 [main] ERROR testCases.LoginandLogoutTest - Test Failed
10:55:23.429 [main] INFO  utilities.Listeners - employeeDetails Test execution started
10:55:23.430 [main] INFO  testCases.LoginandLogoutTest - Landed into login page
10:55:23.435 [main] ERROR testCases.LoginandLogoutTest - Test Failed
10:55:24.930 [main] INFO  utilities.Listeners - Execution completed
