13:09:28.491 [TestNG-tests-1] INFO  utilities.Listeners - Execution started
13:09:28.491 [TestNG-tests-2] INFO  utilities.Listeners - Execution started
13:09:33.061 [TestNG-tests-1] INFO  utilities.Listeners - addEmployee Test execution started
13:09:33.063 [TestNG-tests-1] INFO  testCases.AddEmployeeTest - Landed into login page
13:09:33.677 [TestNG-tests-1] INFO  testCases.AddEmployeeTest - Logged in Successfully
13:09:34.856 [TestNG-tests-1] INFO  testCases.AddEmployeeTest - page title is matched
13:09:34.911 [TestNG-tests-2] INFO  utilities.Listeners - addEmployee Test execution started
13:09:34.912 [TestNG-tests-2] INFO  testCases.AddEmployeeTest - Landed into login page
13:09:37.047 [TestNG-tests-2] INFO  testCases.AddEmployeeTest - Logged in Successfully
13:09:37.051 [TestNG-tests-2] INFO  testCases.AddEmployeeTest - page title is matched
13:09:38.542 [TestNG-tests-1] INFO  testCases.AddEmployeeTest - New Employee added Successfully
13:09:39.897 [TestNG-tests-1] INFO  testCases.AddEmployeeTest - Success Message is matched
13:09:40.417 [TestNG-tests-1] INFO  testCases.AddEmployeeTest - Successfully landed into Employee List page
13:09:40.811 [TestNG-tests-2] INFO  testCases.AddEmployeeTest - New Employee added Successfully
13:09:40.908 [TestNG-tests-1] INFO  testCases.AddEmployeeTest - Created EmployeeId is entered in the employeeId field
13:09:41.771 [TestNG-tests-1] ERROR testCases.AddEmployeeTest - Test Failed
13:09:42.107 [TestNG-tests-2] INFO  testCases.AddEmployeeTest - Success Message is matched
13:09:42.601 [TestNG-tests-2] INFO  testCases.AddEmployeeTest - Successfully landed into Employee List page
13:09:43.174 [TestNG-tests-2] INFO  testCases.AddEmployeeTest - Created EmployeeId is entered in the employeeId field
13:09:44.210 [TestNG-tests-2] INFO  testCases.AddEmployeeTest - Created Employee is displayed in the table
13:09:45.113 [TestNG-tests-2] INFO  testCases.AddEmployeeTest - Logged out Successfully
13:09:46.639 [TestNG-tests-1] INFO  utilities.Listeners - addEmployee Test execution started
13:09:46.639 [TestNG-tests-1] INFO  testCases.NotExistEmployeeDetailsTest - Landed into login page
13:09:48.662 [TestNG-tests-1] INFO  testCases.NotExistEmployeeDetailsTest - Logged in Successfully
13:09:48.667 [TestNG-tests-1] INFO  testCases.NotExistEmployeeDetailsTest - page title is matched
13:09:52.210 [TestNG-tests-1] INFO  testCases.NotExistEmployeeDetailsTest - New Employee added Successfully
13:09:52.273 [TestNG-tests-2] INFO  utilities.Listeners - notExistEmployeeDetails Test execution started
13:09:52.273 [TestNG-tests-2] INFO  testCases.NotExistEmployeeDetailsTest - Landed into login page
13:09:54.030 [TestNG-tests-1] INFO  testCases.NotExistEmployeeDetailsTest - Success Message is matched
13:09:54.550 [TestNG-tests-1] INFO  testCases.NotExistEmployeeDetailsTest - Successfully landed into Employee List page
13:09:54.636 [TestNG-tests-2] INFO  testCases.NotExistEmployeeDetailsTest - Logged in Successfully
13:09:54.642 [TestNG-tests-2] INFO  testCases.NotExistEmployeeDetailsTest - page title is matched
13:09:55.063 [TestNG-tests-1] INFO  testCases.NotExistEmployeeDetailsTest - Created EmployeeId is entered in the employeeId field
13:09:56.257 [TestNG-tests-2] INFO  testCases.NotExistEmployeeDetailsTest - Successfully landed into Employee List page
13:09:56.499 [TestNG-tests-1] INFO  testCases.NotExistEmployeeDetailsTest - Created Employee is displayed in the table
13:09:56.799 [TestNG-tests-2] INFO  testCases.NotExistEmployeeDetailsTest - EmployeeId is entered in the employeeId field
13:09:57.480 [TestNG-tests-1] INFO  testCases.NotExistEmployeeDetailsTest - Logged out Successfully
13:09:57.501 [TestNG-tests-2] INFO  testCases.NotExistEmployeeDetailsTest - Searched Employee is not found in the table
13:09:58.410 [TestNG-tests-2] INFO  testCases.NotExistEmployeeDetailsTest - Logged out Successfully
13:10:00.919 [TestNG-tests-2] INFO  utilities.Listeners - Execution completed
13:10:02.327 [TestNG-tests-1] INFO  utilities.Listeners - notExistEmployeeDetails Test execution started
13:10:02.327 [TestNG-tests-1] INFO  testCases.NotExistEmployeeDetailsTest - Landed into login page
13:10:02.969 [TestNG-tests-1] INFO  testCases.NotExistEmployeeDetailsTest - Logged in Successfully
13:10:04.116 [TestNG-tests-1] INFO  testCases.NotExistEmployeeDetailsTest - page title is matched
13:10:06.091 [TestNG-tests-1] INFO  testCases.NotExistEmployeeDetailsTest - Successfully landed into Employee List page
13:10:06.690 [TestNG-tests-1] INFO  testCases.NotExistEmployeeDetailsTest - EmployeeId is entered in the employeeId field
13:10:07.252 [TestNG-tests-1] INFO  testCases.NotExistEmployeeDetailsTest - Searched Employee is not found in the table
13:10:08.134 [TestNG-tests-1] INFO  testCases.NotExistEmployeeDetailsTest - Logged out Successfully
13:10:08.671 [TestNG-tests-1] INFO  utilities.Listeners - Execution completed
