16:21:56.219 [TestNG-tests-1] INFO  testCases.NotExistEmployeeDetailsTest - Landed into login page
16:21:57.251 [TestNG-tests-1] INFO  testCases.NotExistEmployeeDetailsTest - Logged in Successfully
16:21:58.625 [TestNG-tests-1] INFO  testCases.NotExistEmployeeDetailsTest - page title is matched
16:22:00.133 [TestNG-tests-1] INFO  testCases.NotExistEmployeeDetailsTest - Successfully landed into Employee List page
16:22:00.677 [TestNG-tests-1] INFO  testCases.NotExistEmployeeDetailsTest - EmployeeId is entered in the employeeId field
16:22:03.938 [TestNG-tests-2] ERROR testCases.NotExistEmployeeDetailsTest - Test Failed
16:22:11.248 [TestNG-tests-1] ERROR testCases.NotExistEmployeeDetailsTest - Test Failed
16:22:12.300 [TestNG-tests-2] INFO  utilities.Listeners - notExistEmployeeDetails Test execution started
16:22:12.300 [TestNG-tests-2] INFO  testCases.NotExistEmployeeDetailsTest - Landed into login page
16:22:14.534 [TestNG-tests-2] INFO  testCases.NotExistEmployeeDetailsTest - Logged in Successfully
16:22:14.544 [TestNG-tests-2] INFO  testCases.NotExistEmployeeDetailsTest - page title is matched
16:22:16.349 [TestNG-tests-2] INFO  testCases.NotExistEmployeeDetailsTest - Successfully landed into Employee List page
16:22:16.865 [TestNG-tests-1] INFO  utilities.Listeners - notExistEmployeeDetails Test execution started
16:22:16.865 [TestNG-tests-1] INFO  testCases.NotExistEmployeeDetailsTest - Landed into login page
16:22:16.899 [TestNG-tests-2] INFO  testCases.NotExistEmployeeDetailsTest - EmployeeId is entered in the employeeId field
16:22:18.985 [TestNG-tests-1] INFO  testCases.NotExistEmployeeDetailsTest - Logged in Successfully
16:22:18.999 [TestNG-tests-1] INFO  testCases.NotExistEmployeeDetailsTest - page title is matched
16:22:20.549 [TestNG-tests-1] INFO  testCases.NotExistEmployeeDetailsTest - Successfully landed into Employee List page
16:22:21.098 [TestNG-tests-1] INFO  testCases.NotExistEmployeeDetailsTest - EmployeeId is entered in the employeeId field
16:22:27.551 [TestNG-tests-2] ERROR testCases.NotExistEmployeeDetailsTest - Test Failed
16:22:31.708 [TestNG-tests-1] ERROR testCases.NotExistEmployeeDetailsTest - Test Failed
16:22:34.204 [TestNG-tests-1] INFO  utilities.Listeners - Execution completed
16:22:36.539 [TestNG-tests-2] INFO  utilities.Listeners - notExistEmployeeDetails Test execution started
16:22:36.540 [TestNG-tests-2] INFO  testCases.NotExistEmployeeDetailsTest - Landed into login page
16:22:39.072 [TestNG-tests-2] INFO  testCases.NotExistEmployeeDetailsTest - Logged in Successfully
16:22:39.078 [TestNG-tests-2] INFO  testCases.NotExistEmployeeDetailsTest - page title is matched
16:22:40.816 [TestNG-tests-2] INFO  testCases.NotExistEmployeeDetailsTest - Successfully landed into Employee List page
16:22:41.358 [TestNG-tests-2] INFO  testCases.NotExistEmployeeDetailsTest - EmployeeId is entered in the employeeId field
16:22:51.919 [TestNG-tests-2] ERROR testCases.NotExistEmployeeDetailsTest - Test Failed
16:22:54.138 [TestNG-tests-2] INFO  utilities.Listeners - Execution completed
