19:01:55.167 [main] INFO  io.github.bonigarcia.wdm.WebDriverManager - Using geckodriver 0.35.0 (resolved driver for Firefox 115)
19:01:55.177 [main] INFO  io.github.bonigarcia.wdm.WebDriverManager - Exporting webdriver.gecko.driver as C:\Users\ashish.vanjarapu\.cache\selenium\geckodriver\win64\0.35.0\geckodriver.exe
19:02:01.312 [main] INFO  utilities.Listeners - addEmployee Test execution started
19:02:01.312 [main] INFO  testCases.AddEmployeeTest - Landed into login page
19:02:03.335 [main] INFO  testCases.AddEmployeeTest - Logged in Successfully
19:02:03.337 [main] INFO  testCases.AddEmployeeTest - page title is matched
19:02:06.142 [main] ERROR testCases.AddEmployeeTest - Test Failed
19:02:07.066 [main] INFO  io.github.bonigarcia.wdm.WebDriverManager - Using geckodriver 0.35.0 (resolved driver for Firefox 115)
19:02:07.072 [main] INFO  io.github.bonigarcia.wdm.WebDriverManager - Exporting webdriver.gecko.driver as C:\Users\ashish.vanjarapu\.cache\selenium\geckodriver\win64\0.35.0\geckodriver.exe
19:02:13.408 [main] INFO  utilities.Listeners - addEmployee Test execution started
19:02:13.408 [main] INFO  testCases.AddEmployeeTest - Landed into login page
19:02:15.472 [main] INFO  testCases.AddEmployeeTest - Logged in Successfully
19:02:15.474 [main] INFO  testCases.AddEmployeeTest - page title is matched
19:02:18.298 [main] ERROR testCases.AddEmployeeTest - Test Failed
19:02:19.151 [main] INFO  io.github.bonigarcia.wdm.WebDriverManager - Using geckodriver 0.35.0 (resolved driver for Firefox 115)
19:02:19.157 [main] INFO  io.github.bonigarcia.wdm.WebDriverManager - Exporting webdriver.gecko.driver as C:\Users\ashish.vanjarapu\.cache\selenium\geckodriver\win64\0.35.0\geckodriver.exe
19:02:25.457 [main] INFO  utilities.Listeners - addEmployee Test execution started
19:02:25.457 [main] INFO  testCases.AddEmployeeTest - Landed into login page
19:02:27.481 [main] INFO  testCases.AddEmployeeTest - Logged in Successfully
19:02:27.483 [main] INFO  testCases.AddEmployeeTest - page title is matched
19:02:30.280 [main] ERROR testCases.AddEmployeeTest - Test Failed
19:02:31.255 [main] INFO  io.github.bonigarcia.wdm.WebDriverManager - Using geckodriver 0.35.0 (resolved driver for Firefox 115)
19:02:31.261 [main] INFO  io.github.bonigarcia.wdm.WebDriverManager - Exporting webdriver.gecko.driver as C:\Users\ashish.vanjarapu\.cache\selenium\geckodriver\win64\0.35.0\geckodriver.exe
19:02:42.077 [main] INFO  utilities.Listeners - addEmployee Test execution started
19:02:42.077 [main] INFO  testCases.AddEmployeeTest - Landed into login page
19:02:44.717 [main] INFO  testCases.AddEmployeeTest - Logged in Successfully
19:02:44.720 [main] INFO  testCases.AddEmployeeTest - page title is matched
19:02:47.547 [main] ERROR testCases.AddEmployeeTest - Test Failed
19:02:47.909 [main] INFO  utilities.Listeners - Execution completed
