12:09:09.153 [TestNG-tests-1] INFO  utilities.Listeners - Execution started
12:09:09.153 [TestNG-tests-2] INFO  utilities.Listeners - Execution started
12:09:09.544 [TestNG-tests-1] INFO  io.github.bonigarcia.wdm.WebDriverManager - Using chromedriver 132.0.6834.159 (resolved driver for Chrome 132)
12:09:09.544 [TestNG-tests-2] INFO  io.github.bonigarcia.wdm.WebDriverManager - Using msedgedriver 133.0.3065.69 (resolved driver for Edge 133)
12:09:09.592 [TestNG-tests-1] INFO  io.github.bonigarcia.wdm.WebDriverManager - Exporting webdriver.chrome.driver as C:\Users\ashish.vanjarapu\.cache\selenium\chromedriver\win64\132.0.6834.159\chromedriver.exe
12:09:09.592 [TestNG-tests-2] INFO  io.github.bonigarcia.wdm.WebDriverManager - Exporting webdriver.edge.driver as C:\Users\ashish.vanjarapu\.cache\selenium\msedgedriver\win64\133.0.3065.69\msedgedriver.exe
12:09:13.431 [TestNG-tests-1] INFO  utilities.Listeners - addEmployee Test execution started
12:09:13.433 [TestNG-tests-1] INFO  testCases.AddEmployeeTest - Landed into login page
12:09:14.928 [TestNG-tests-2] INFO  utilities.Listeners - addEmployee Test execution started
12:09:14.929 [TestNG-tests-2] INFO  testCases.AddEmployeeTest - Landed into login page
12:09:15.258 [TestNG-tests-1] INFO  testCases.AddEmployeeTest - Logged in Successfully
12:09:15.264 [TestNG-tests-1] INFO  testCases.AddEmployeeTest - page title is matched
12:09:17.293 [TestNG-tests-2] INFO  testCases.AddEmployeeTest - Logged in Successfully
12:09:17.300 [TestNG-tests-2] INFO  testCases.AddEmployeeTest - page title is matched
12:09:18.874 [TestNG-tests-1] INFO  testCases.AddEmployeeTest - New Employee added Successfully
12:09:20.704 [TestNG-tests-1] INFO  testCases.AddEmployeeTest - Success Message is matched
12:09:21.003 [TestNG-tests-2] INFO  testCases.AddEmployeeTest - New Employee added Successfully
12:09:21.226 [TestNG-tests-1] INFO  testCases.AddEmployeeTest - Successfully landed into Employee List page
12:09:21.705 [TestNG-tests-1] INFO  testCases.AddEmployeeTest - Created EmployeeId is entered in the employeeId field
12:09:22.310 [TestNG-tests-2] INFO  testCases.AddEmployeeTest - Success Message is matched
12:09:22.825 [TestNG-tests-2] INFO  testCases.AddEmployeeTest - Successfully landed into Employee List page
12:09:23.350 [TestNG-tests-2] INFO  testCases.AddEmployeeTest - Created EmployeeId is entered in the employeeId field
12:09:23.895 [TestNG-tests-2] INFO  testCases.AddEmployeeTest - Created Employee is displayed in the table
12:09:24.900 [TestNG-tests-2] INFO  testCases.AddEmployeeTest - Logged out Successfully
12:09:26.297 [TestNG-tests-2] INFO  io.github.bonigarcia.wdm.WebDriverManager - Using msedgedriver 133.0.3065.69 (resolved driver for Edge 133)
12:09:26.304 [TestNG-tests-2] INFO  io.github.bonigarcia.wdm.WebDriverManager - Exporting webdriver.edge.driver as C:\Users\ashish.vanjarapu\.cache\selenium\msedgedriver\win64\133.0.3065.69\msedgedriver.exe
12:09:31.641 [TestNG-tests-2] INFO  utilities.Listeners - notExistEmployeeDetails Test execution started
12:09:31.641 [TestNG-tests-2] INFO  testCases.NotExistEmployeeDetailsTest - Landed into login page
12:09:33.755 [TestNG-tests-2] INFO  testCases.NotExistEmployeeDetailsTest - Logged in Successfully
12:09:33.759 [TestNG-tests-2] INFO  testCases.NotExistEmployeeDetailsTest - page title is matched
12:09:35.519 [TestNG-tests-2] INFO  testCases.NotExistEmployeeDetailsTest - Successfully landed into Employee List page
12:09:35.993 [TestNG-tests-2] INFO  testCases.NotExistEmployeeDetailsTest - EmployeeId is entered in the employeeId field
12:09:36.526 [TestNG-tests-2] INFO  testCases.NotExistEmployeeDetailsTest - Searched Employee is not found in the table
12:09:37.367 [TestNG-tests-2] INFO  testCases.NotExistEmployeeDetailsTest - Logged out Successfully
12:09:39.561 [TestNG-tests-2] INFO  utilities.Listeners - Execution completed
12:09:49.705 [TestNG-tests-1] ERROR testCases.NotExistEmployeeDetailsTest - Test Failed
12:09:49.712 [TestNG-tests-1] INFO  utilities.Listeners - addEmployee Test execution started
12:09:49.712 [TestNG-tests-1] INFO  testCases.NotExistEmployeeDetailsTest - Landed into login page
12:09:49.715 [TestNG-tests-1] INFO  utilities.Listeners - addEmployee Test execution started
12:09:49.715 [TestNG-tests-1] INFO  testCases.NotExistEmployeeDetailsTest - Landed into login page
12:09:49.718 [TestNG-tests-1] INFO  utilities.Listeners - addEmployee Test execution started
12:09:49.718 [TestNG-tests-1] INFO  testCases.NotExistEmployeeDetailsTest - Landed into login page
12:09:50.036 [TestNG-tests-1] INFO  utilities.Listeners - Execution completed
