14:31:25.637 [main] INFO  testCases.EmployeeDetailsTest - visibilityOfElementLocatedis not found
14:31:25.647 [main] INFO  testCases.EmployeeDetailsTest - visibilityOfElementLocatedis not found
14:31:25.653 [main] INFO  testCases.EmployeeDetailsTest - visibilityOfElementLocatedis not found
14:31:25.660 [main] INFO  testCases.EmployeeDetailsTest - visibilityOfElementLocatedis not found
14:31:25.681 [main] ERROR testCases.EmployeeDetailsTest - Test Failed
14:31:29.722 [main] INFO  utilities.Listeners - employeeDetails Test execution started
14:31:29.723 [main] INFO  testCases.EmployeeDetailsTest - Landed into login page
14:31:31.507 [main] INFO  testCases.EmployeeDetailsTest - Logged in Successfully
14:31:32.944 [main] INFO  testCases.EmployeeDetailsTest - Successfully landed into Employee List page
14:31:33.384 [main] INFO  testCases.EmployeeDetailsTest - Created EmployeeId is entered in the employeeId field
14:31:33.385 [main] INFO  testCases.EmployeeDetailsTest - elementToBeClickableis not found
14:31:33.439 [main] INFO  testCases.EmployeeDetailsTest - Created Employee details is displayed in the table
14:31:33.843 [main] INFO  testCases.EmployeeDetailsTest - visibilityOfElementLocatedis not found
14:31:33.855 [main] INFO  testCases.EmployeeDetailsTest - visibilityOfElementLocatedis not found
14:31:33.863 [main] INFO  testCases.EmployeeDetailsTest - visibilityOfElementLocatedis not found
14:31:33.870 [main] INFO  testCases.EmployeeDetailsTest - visibilityOfElementLocatedis not found
14:31:33.876 [main] INFO  testCases.EmployeeDetailsTest - visibilityOfElementLocatedis not found
14:31:33.883 [main] INFO  testCases.EmployeeDetailsTest - visibilityOfElementLocatedis not found
14:31:33.890 [main] INFO  testCases.EmployeeDetailsTest - visibilityOfElementLocatedis not found
14:31:33.896 [main] INFO  testCases.EmployeeDetailsTest - visibilityOfElementLocatedis not found
14:31:33.903 [main] INFO  testCases.EmployeeDetailsTest - visibilityOfElementLocatedis not found
14:31:33.910 [main] INFO  testCases.EmployeeDetailsTest - visibilityOfElementLocatedis not found
14:31:33.916 [main] INFO  testCases.EmployeeDetailsTest - visibilityOfElementLocatedis not found
14:31:33.923 [main] INFO  testCases.EmployeeDetailsTest - visibilityOfElementLocatedis not found
14:31:33.929 [main] INFO  testCases.EmployeeDetailsTest - visibilityOfElementLocatedis not found
14:31:33.936 [main] INFO  testCases.EmployeeDetailsTest - visibilityOfElementLocatedis not found
14:31:33.943 [main] INFO  testCases.EmployeeDetailsTest - visibilityOfElementLocatedis not found
14:31:33.950 [main] INFO  testCases.EmployeeDetailsTest - visibilityOfElementLocatedis not found
14:31:33.958 [main] INFO  testCases.EmployeeDetailsTest - visibilityOfElementLocatedis not found
14:31:33.965 [main] INFO  testCases.EmployeeDetailsTest - visibilityOfElementLocatedis not found
14:31:33.972 [main] INFO  testCases.EmployeeDetailsTest - visibilityOfElementLocatedis not found
14:31:33.978 [main] INFO  testCases.EmployeeDetailsTest - visibilityOfElementLocatedis not found
14:31:33.985 [main] INFO  testCases.EmployeeDetailsTest - visibilityOfElementLocatedis not found
14:31:33.991 [main] INFO  testCases.EmployeeDetailsTest - visibilityOfElementLocatedis not found
14:31:33.998 [main] INFO  testCases.EmployeeDetailsTest - visibilityOfElementLocatedis not found
14:31:34.005 [main] INFO  testCases.EmployeeDetailsTest - visibilityOfElementLocatedis not found
14:31:34.012 [main] INFO  testCases.EmployeeDetailsTest - visibilityOfElementLocatedis not found
14:31:34.019 [main] INFO  testCases.EmployeeDetailsTest - visibilityOfElementLocatedis not found
14:31:34.025 [main] INFO  testCases.EmployeeDetailsTest - visibilityOfElementLocatedis not found
14:31:34.032 [main] INFO  testCases.EmployeeDetailsTest - visibilityOfElementLocatedis not found
14:31:34.040 [main] INFO  testCases.EmployeeDetailsTest - visibilityOfElementLocatedis not found
14:31:34.058 [main] ERROR testCases.EmployeeDetailsTest - Test Failed
14:31:38.490 [main] INFO  utilities.Listeners - employeeDetails Test execution started
14:31:38.491 [main] INFO  testCases.EmployeeDetailsTest - Landed into login page
14:31:40.186 [main] INFO  testCases.EmployeeDetailsTest - Logged in Successfully
14:31:41.737 [main] INFO  testCases.EmployeeDetailsTest - Successfully landed into Employee List page
14:31:42.186 [main] INFO  testCases.EmployeeDetailsTest - Created EmployeeId is entered in the employeeId field
14:31:42.186 [main] INFO  testCases.EmployeeDetailsTest - elementToBeClickableis not found
14:31:42.240 [main] INFO  testCases.EmployeeDetailsTest - Created Employee details is displayed in the table
14:31:42.754 [main] INFO  testCases.EmployeeDetailsTest - visibilityOfElementLocatedis not found
14:31:42.767 [main] INFO  testCases.EmployeeDetailsTest - EmployeeId is matched
14:31:43.767 [main] INFO  utilities.Listeners - Execution completed
