10:15:32.379 [main] INFO  utilities.Listeners - Execution started
10:15:40.924 [main] INFO  utilities.Listeners - testLoginAndLogout Test execution started
10:15:40.937 [main] INFO  testCases.LoginandLogoutTest - Landed into login page
10:15:49.961 [main] INFO  testCases.LoginandLogoutTest - Logged in Successfully
10:15:49.977 [main] INFO  testCases.LoginandLogoutTest - page title is matched
10:15:53.211 [main] INFO  testCases.LoginandLogoutTest - Logged out Successfully
10:16:00.551 [main] INFO  utilities.Listeners - addEmployee Test execution started
10:16:00.553 [main] INFO  testCases.AddEmployeeTest - Landed into login page
10:16:03.121 [main] INFO  testCases.AddEmployeeTest - Logged in Successfully
10:16:07.636 [main] INFO  testCases.AddEmployeeTest - New Employee added Successfully
10:16:08.947 [main] INFO  testCases.AddEmployeeTest - Success Message is matched
10:16:09.498 [main] INFO  testCases.AddEmployeeTest - Successfully landed into Employee List page
10:16:10.104 [main] INFO  testCases.AddEmployeeTest - Created EmployeeId is entered in the employeeId field
10:16:10.203 [main] INFO  testCases.AddEmployeeTest - Created Employee details is displayed in the table
10:16:10.713 [main] INFO  testCases.AddEmployeeTest - EmployeeId is matched
10:16:19.188 [main] INFO  utilities.Listeners - employeeDetails Test execution started
10:16:19.190 [main] INFO  testCases.EmployeeDetailsTest - Landed into login page
10:16:22.705 [main] INFO  testCases.EmployeeDetailsTest - Logged in Successfully
10:16:24.796 [main] INFO  testCases.EmployeeDetailsTest - Successfully landed into Employee List page
10:16:25.351 [main] INFO  testCases.EmployeeDetailsTest - Created EmployeeId is entered in the employeeId field
10:16:25.446 [main] INFO  testCases.EmployeeDetailsTest - Created Employee details is displayed in the table
10:16:57.148 [main] ERROR testCases.EmployeeDetailsTest - Test Failed
10:17:03.715 [main] INFO  utilities.Listeners - employeeDetails Test execution started
10:17:03.717 [main] INFO  testCases.EmployeeDetailsTest - Landed into login page
10:17:04.429 [main] ERROR testCases.EmployeeDetailsTest - Test Failed
10:17:11.467 [main] INFO  utilities.Listeners - employeeDetails Test execution started
10:17:11.469 [main] INFO  testCases.EmployeeDetailsTest - Landed into login page
10:17:16.109 [main] ERROR testCases.EmployeeDetailsTest - Test Failed
10:17:19.218 [main] INFO  utilities.Listeners - employeeDetails Test execution started
10:17:19.220 [main] INFO  testCases.EmployeeDetailsTest - Landed into login page
10:17:19.226 [main] ERROR testCases.EmployeeDetailsTest - Test Failed
10:17:22.009 [main] INFO  utilities.Listeners - Execution completed
