15:26:59.640 [main] INFO  utilities.Listeners - Execution started
15:27:07.575 [main] INFO  utilities.Listeners - addEmployee Test execution started
15:27:07.578 [main] INFO  testCases.AddEmployeeTest - Landed into login page
15:27:10.498 [main] INFO  testCases.AddEmployeeTest - Logged in Successfully
15:27:10.512 [main] INFO  testCases.AddEmployeeTest - page title is matched
15:27:15.287 [main] INFO  testCases.AddEmployeeTest - New Employee added Successfully
15:27:17.207 [main] INFO  testCases.AddEmployeeTest - Success Message is matched
15:27:17.766 [main] INFO  testCases.AddEmployeeTest - Successfully landed into Employee List page
15:27:18.351 [main] INFO  testCases.AddEmployeeTest - Created EmployeeId is entered in the employeeId field
15:27:19.679 [main] INFO  testCases.AddEmployeeTest - Created Employee is displayed in the table
15:27:20.700 [main] INFO  testCases.AddEmployeeTest - Logged out Successfully
15:27:29.288 [main] INFO  utilities.Listeners - notExistEmployeeDetails Test execution started
15:27:29.289 [main] INFO  testCases.NotExistEmployeeDetailsTest - Landed into login page
15:27:31.261 [main] INFO  testCases.NotExistEmployeeDetailsTest - Logged in Successfully
15:27:32.796 [main] INFO  testCases.NotExistEmployeeDetailsTest - page title is matched
15:27:34.532 [main] INFO  testCases.NotExistEmployeeDetailsTest - Successfully landed into Employee List page
15:27:35.054 [main] INFO  testCases.NotExistEmployeeDetailsTest - EmployeeId is entered in the employeeId field
15:27:35.941 [main] INFO  testCases.NotExistEmployeeDetailsTest - Searched Employee is not found in the table
15:27:36.956 [main] INFO  testCases.NotExistEmployeeDetailsTest - Logged out Successfully
15:27:38.718 [main] INFO  utilities.Listeners - Execution completed
15:27:38.721 [main] INFO  utilities.Listeners - Execution started
15:27:45.550 [main] INFO  utilities.Listeners - addEmployee Test execution started
15:27:45.551 [main] INFO  testCases.AddEmployeeTest - Landed into login page
15:27:48.007 [main] INFO  testCases.AddEmployeeTest - Logged in Successfully
15:27:48.019 [main] INFO  testCases.AddEmployeeTest - page title is matched
15:28:02.673 [main] ERROR testCases.AddEmployeeTest - Test Failed
15:28:16.076 [main] INFO  utilities.Listeners - addEmployee Test execution started
15:28:16.076 [main] INFO  testCases.AddEmployeeTest - Landed into login page
15:28:19.141 [main] INFO  testCases.AddEmployeeTest - Logged in Successfully
15:28:19.148 [main] INFO  testCases.AddEmployeeTest - page title is matched
15:28:23.406 [main] INFO  testCases.AddEmployeeTest - New Employee added Successfully
15:28:24.913 [main] INFO  testCases.AddEmployeeTest - Success Message is matched
15:28:25.628 [main] INFO  testCases.AddEmployeeTest - Successfully landed into Employee List page
15:28:26.214 [main] INFO  testCases.AddEmployeeTest - Created EmployeeId is entered in the employeeId field
15:28:27.100 [main] ERROR testCases.AddEmployeeTest - Test Failed
15:28:34.857 [main] INFO  utilities.Listeners - addEmployee Test execution started
15:28:34.857 [main] INFO  testCases.AddEmployeeTest - Landed into login page
15:28:37.025 [main] INFO  testCases.AddEmployeeTest - Logged in Successfully
15:28:37.035 [main] INFO  testCases.AddEmployeeTest - page title is matched
15:28:40.968 [main] INFO  testCases.AddEmployeeTest - New Employee added Successfully
15:28:42.380 [main] INFO  testCases.AddEmployeeTest - Success Message is matched
15:28:43.098 [main] INFO  testCases.AddEmployeeTest - Successfully landed into Employee List page
15:28:43.741 [main] INFO  testCases.AddEmployeeTest - Created EmployeeId is entered in the employeeId field
15:28:44.358 [main] INFO  testCases.AddEmployeeTest - Created Employee is displayed in the table
15:28:45.338 [main] INFO  testCases.AddEmployeeTest - Logged out Successfully
15:28:54.166 [main] INFO  utilities.Listeners - notExistEmployeeDetails Test execution started
15:28:54.166 [main] INFO  testCases.NotExistEmployeeDetailsTest - Landed into login page
15:28:56.289 [main] INFO  testCases.NotExistEmployeeDetailsTest - Logged in Successfully
15:28:56.294 [main] INFO  testCases.NotExistEmployeeDetailsTest - page title is matched
15:28:58.031 [main] INFO  testCases.NotExistEmployeeDetailsTest - Successfully landed into Employee List page
15:28:58.658 [main] INFO  testCases.NotExistEmployeeDetailsTest - EmployeeId is entered in the employeeId field
15:28:59.291 [main] INFO  testCases.NotExistEmployeeDetailsTest - Searched Employee is not found in the table
15:29:00.236 [main] INFO  testCases.NotExistEmployeeDetailsTest - Logged out Successfully
15:29:01.972 [main] INFO  utilities.Listeners - Execution completed
