10:48:00.880 [main] INFO  testCases.DeleteEmployeeTest - page title is matched
10:48:02.291 [main] INFO  testCases.DeleteEmployeeTest - Successfully landed into Employee List page
10:48:02.728 [main] INFO  testCases.DeleteEmployeeTest - EmployeeId is entered in the employeeId field
10:48:02.788 [main] INFO  testCases.DeleteEmployeeTest - Searched Employee entry is not found in the table
10:48:12.848 [main] ERROR testCases.DeleteEmployeeTest - Test Failed
10:48:17.279 [main] INFO  utilities.Listeners - deleteEmployee Test execution started
10:48:17.279 [main] INFO  testCases.DeleteEmployeeTest - Landed into login page
10:48:17.847 [main] INFO  testCases.DeleteEmployeeTest - Logged in Successfully
10:48:18.969 [main] INFO  testCases.DeleteEmployeeTest - page title is matched
10:48:20.339 [main] INFO  testCases.DeleteEmployeeTest - Successfully landed into Employee List page
10:48:20.767 [main] INFO  testCases.DeleteEmployeeTest - EmployeeId is entered in the employeeId field
10:48:20.821 [main] INFO  testCases.DeleteEmployeeTest - Searched Employee entry is not found in the table
10:48:30.869 [main] ERROR testCases.DeleteEmployeeTest - Test Failed
10:48:34.783 [main] INFO  utilities.Listeners - deleteEmployee Test execution started
10:48:34.783 [main] INFO  testCases.DeleteEmployeeTest - Landed into login page
10:48:35.355 [main] INFO  testCases.DeleteEmployeeTest - Logged in Successfully
10:48:36.550 [main] INFO  testCases.DeleteEmployeeTest - page title is matched
10:48:38.019 [main] INFO  testCases.DeleteEmployeeTest - Successfully landed into Employee List page
10:48:38.461 [main] INFO  testCases.DeleteEmployeeTest - EmployeeId is entered in the employeeId field
10:48:38.516 [main] INFO  testCases.DeleteEmployeeTest - Searched Employee entry is not found in the table
10:48:48.576 [main] ERROR testCases.DeleteEmployeeTest - Test Failed
10:48:52.566 [main] INFO  utilities.Listeners - deleteEmployee Test execution started
10:48:52.566 [main] INFO  testCases.DeleteEmployeeTest - Landed into login page
10:48:57.063 [main] INFO  utilities.Listeners - Execution completed
