15:27:45.230 [TestNG-tests-1] INFO  utilities.Listeners - Execution started
15:27:50.728 [TestNG-tests-1] INFO  utilities.Listeners - testLoginAndLogout Test execution started
15:27:50.733 [TestNG-tests-1] INFO  testCases.LoginandLogoutTest - Landed into login page
15:27:52.384 [TestNG-tests-1] INFO  testCases.LoginandLogoutTest - Logged in Successfully
15:27:52.392 [TestNG-tests-1] INFO  testCases.LoginandLogoutTest - page title is matched
15:27:56.868 [TestNG-tests-1] INFO  testCases.LoginandLogoutTest - Logged out Successfully
15:27:56.882 [TestNG-tests-1] INFO  utilities.Listeners - addEmployee Test execution started
15:27:56.920 [TestNG-tests-1] INFO  testCases.LoginandLogoutTest - Landed into login page
15:27:58.230 [TestNG-tests-1] INFO  testCases.LoginandLogoutTest - Logged in Successfully
15:28:07.312 [TestNG-tests-1] INFO  testCases.LoginandLogoutTest - New Employee added Successfully
15:28:08.600 [TestNG-tests-1] INFO  utilities.Listeners - addEmployee Test execution started
15:28:08.601 [TestNG-tests-1] INFO  testCases.LoginandLogoutTest - Landed into login page
15:28:18.657 [TestNG-tests-1] ERROR testCases.LoginandLogoutTest - Test Failed
15:28:18.659 [TestNG-tests-1] INFO  utilities.Listeners - addEmployee Test execution started
15:28:18.659 [TestNG-tests-1] INFO  testCases.LoginandLogoutTest - Landed into login page
15:28:28.709 [TestNG-tests-1] ERROR testCases.LoginandLogoutTest - Test Failed
15:28:28.710 [TestNG-tests-1] INFO  utilities.Listeners - addEmployee Test execution started
15:28:28.711 [TestNG-tests-1] INFO  testCases.LoginandLogoutTest - Landed into login page
15:28:38.717 [TestNG-tests-1] ERROR testCases.LoginandLogoutTest - Test Failed
15:28:40.017 [TestNG-tests-1] INFO  utilities.Listeners - Execution completed
