18:32:16.029 [TestNG-tests-1] INFO  utilities.Listeners - Execution started
18:32:20.316 [TestNG-tests-1] INFO  utilities.Listeners - testLoginAndLogout Test execution started
18:32:20.320 [TestNG-tests-1] INFO  testCases.LoginandLogoutTest - Landed into login page
18:32:22.042 [TestNG-tests-1] INFO  testCases.LoginandLogoutTest - Logged in Successfully
18:32:22.048 [TestNG-tests-1] INFO  testCases.LoginandLogoutTest - page title is matched
18:32:26.269 [TestNG-tests-1] INFO  testCases.LoginandLogoutTest - Logged out Successfully
18:32:26.287 [TestNG-tests-1] INFO  utilities.Listeners - addEmployee Test execution started
18:32:26.336 [TestNG-tests-1] INFO  testCases.LoginandLogoutTest - Landed into login page
18:32:27.543 [TestNG-tests-1] INFO  testCases.LoginandLogoutTest - Logged in Successfully
18:32:31.178 [TestNG-tests-1] INFO  testCases.LoginandLogoutTest - New Employee added Successfully
18:32:32.450 [TestNG-tests-1] INFO  utilities.Listeners - addEmployee Test execution started
18:32:32.451 [TestNG-tests-1] INFO  testCases.LoginandLogoutTest - Landed into login page
18:32:42.506 [TestNG-tests-1] ERROR testCases.LoginandLogoutTest - Test Failed
18:32:42.508 [TestNG-tests-1] INFO  utilities.Listeners - addEmployee Test execution started
18:32:42.509 [TestNG-tests-1] INFO  testCases.LoginandLogoutTest - Landed into login page
18:32:52.566 [TestNG-tests-1] ERROR testCases.LoginandLogoutTest - Test Failed
18:32:52.568 [TestNG-tests-1] INFO  utilities.Listeners - addEmployee Test execution started
18:32:52.568 [TestNG-tests-1] INFO  testCases.LoginandLogoutTest - Landed into login page
18:33:02.637 [TestNG-tests-1] ERROR testCases.LoginandLogoutTest - Test Failed
18:33:02.784 [TestNG-tests-1] INFO  utilities.Listeners - addEmployee Test execution started
18:33:02.785 [TestNG-tests-1] INFO  testCases.LoginandLogoutTest - Landed into login page
18:33:12.850 [TestNG-tests-1] ERROR testCases.LoginandLogoutTest - Test Failed
18:33:12.851 [TestNG-tests-1] INFO  utilities.Listeners - addEmployee Test execution started
18:33:12.852 [TestNG-tests-1] INFO  testCases.LoginandLogoutTest - Landed into login page
18:33:22.896 [TestNG-tests-1] ERROR testCases.LoginandLogoutTest - Test Failed
18:33:22.898 [TestNG-tests-1] INFO  utilities.Listeners - addEmployee Test execution started
18:33:22.899 [TestNG-tests-1] INFO  testCases.LoginandLogoutTest - Landed into login page
18:33:32.969 [TestNG-tests-1] ERROR testCases.LoginandLogoutTest - Test Failed
18:33:32.970 [TestNG-tests-1] INFO  utilities.Listeners - addEmployee Test execution started
18:33:32.971 [TestNG-tests-1] INFO  testCases.LoginandLogoutTest - Landed into login page
18:33:43.037 [TestNG-tests-1] ERROR testCases.LoginandLogoutTest - Test Failed
18:33:44.393 [TestNG-tests-1] INFO  utilities.Listeners - Execution completed
