14:22:17.999 [TestNG-tests-1] INFO  utilities.Listeners - Execution started
14:22:23.606 [TestNG-tests-1] INFO  utilities.Listeners - testLoginAndLogout Test execution started
14:22:23.611 [TestNG-tests-1] INFO  testCases.LoginandLogoutTest - Landed into login page
14:22:25.434 [TestNG-tests-1] INFO  testCases.LoginandLogoutTest - Logged in Successfully
14:22:25.442 [TestNG-tests-1] INFO  testCases.LoginandLogoutTest - page title is matched
14:22:30.247 [TestNG-tests-1] INFO  testCases.LoginandLogoutTest - Logged out Successfully
14:22:30.274 [TestNG-tests-1] INFO  utilities.Listeners - addEmployee Test execution started
14:22:30.276 [TestNG-tests-1] INFO  testCases.LoginandLogoutTest - Landed into login page
14:22:31.550 [TestNG-tests-1] INFO  testCases.LoginandLogoutTest - Logged in Successfully
14:22:35.079 [TestNG-tests-1] INFO  testCases.LoginandLogoutTest - New Employee added Successfully
14:22:36.379 [TestNG-tests-1] INFO  testCases.LoginandLogoutTest - Success Message is matched
14:22:36.893 [TestNG-tests-1] INFO  testCases.LoginandLogoutTest - Successfully landed into Employee List page
14:22:37.362 [TestNG-tests-1] INFO  testCases.LoginandLogoutTest - Created EmployeeId is entered in the employeeId field
14:22:37.418 [TestNG-tests-1] INFO  testCases.LoginandLogoutTest - Created Employee details is displayed in the table
14:22:37.927 [TestNG-tests-1] ERROR testCases.LoginandLogoutTest - Test Failed
14:22:37.930 [TestNG-tests-1] INFO  utilities.Listeners - addEmployee Test execution started
14:22:37.930 [TestNG-tests-1] INFO  testCases.LoginandLogoutTest - Landed into login page
14:22:47.996 [TestNG-tests-1] ERROR testCases.LoginandLogoutTest - Test Failed
14:22:47.997 [TestNG-tests-1] INFO  utilities.Listeners - addEmployee Test execution started
14:22:47.998 [TestNG-tests-1] INFO  testCases.LoginandLogoutTest - Landed into login page
14:22:58.022 [TestNG-tests-1] ERROR testCases.LoginandLogoutTest - Test Failed
14:22:58.023 [TestNG-tests-1] INFO  utilities.Listeners - addEmployee Test execution started
14:22:58.024 [TestNG-tests-1] INFO  testCases.LoginandLogoutTest - Landed into login page
14:23:08.060 [TestNG-tests-1] ERROR testCases.LoginandLogoutTest - Test Failed
14:23:09.436 [TestNG-tests-1] INFO  utilities.Listeners - Execution completed
