15:55:18.073 [TestNG-tests-2] INFO  utilities.Listeners - Execution started
15:55:18.073 [TestNG-tests-1] INFO  utilities.Listeners - Execution started
15:55:27.194 [TestNG-tests-1] INFO  utilities.Listeners - addEmployee Test execution started
15:55:27.197 [TestNG-tests-1] INFO  testCases.AddEmployeeTest - Landed into login page
15:55:38.437 [TestNG-tests-2] INFO  utilities.Listeners - addEmployee Test execution started
15:55:38.437 [TestNG-tests-2] INFO  testCases.AddEmployeeTest - Landed into login page
15:55:44.019 [TestNG-tests-1] INFO  testCases.AddEmployeeTest - Logged in Successfully
15:55:44.028 [TestNG-tests-1] INFO  testCases.AddEmployeeTest - page title is matched
15:55:54.107 [TestNG-tests-1] ERROR testCases.AddEmployeeTest - Test Failed
15:55:55.591 [TestNG-tests-1] INFO  utilities.Listeners - addEmployee Test execution started
15:55:55.591 [TestNG-tests-1] INFO  testCases.AddEmployeeTest - Landed into login page
15:55:55.601 [TestNG-tests-1] INFO  utilities.Listeners - addEmployee Test execution started
15:55:55.601 [TestNG-tests-1] INFO  testCases.AddEmployeeTest - Landed into login page
15:55:55.609 [TestNG-tests-1] INFO  utilities.Listeners - addEmployee Test execution started
15:55:55.609 [TestNG-tests-1] INFO  testCases.AddEmployeeTest - Landed into login page
15:55:57.313 [TestNG-tests-1] INFO  utilities.Listeners - Execution completed
15:56:08.225 [TestNG-tests-2] INFO  utilities.Listeners - addEmployee Test execution started
15:56:08.225 [TestNG-tests-2] INFO  testCases.AddEmployeeTest - Landed into login page
15:56:22.307 [TestNG-tests-2] INFO  testCases.AddEmployeeTest - Logged in Successfully
15:56:22.316 [TestNG-tests-2] INFO  testCases.AddEmployeeTest - page title is matched
15:56:43.524 [TestNG-tests-2] ERROR testCases.AddEmployeeTest - Test Failed
15:56:59.394 [TestNG-tests-2] INFO  utilities.Listeners - addEmployee Test execution started
15:56:59.394 [TestNG-tests-2] INFO  testCases.AddEmployeeTest - Landed into login page
15:57:18.354 [TestNG-tests-2] INFO  testCases.AddEmployeeTest - Logged in Successfully
15:57:18.364 [TestNG-tests-2] INFO  testCases.AddEmployeeTest - page title is matched
15:57:43.008 [TestNG-tests-2] ERROR testCases.AddEmployeeTest - Test Failed
15:57:52.557 [TestNG-tests-2] INFO  utilities.Listeners - addEmployee Test execution started
15:57:52.557 [TestNG-tests-2] INFO  testCases.AddEmployeeTest - Landed into login page
15:58:00.194 [TestNG-tests-2] INFO  testCases.AddEmployeeTest - Logged in Successfully
15:58:00.204 [TestNG-tests-2] INFO  testCases.AddEmployeeTest - page title is matched
15:58:10.845 [TestNG-tests-2] INFO  testCases.AddEmployeeTest - New Employee added Successfully
15:58:13.171 [TestNG-tests-2] INFO  testCases.AddEmployeeTest - Success Message is matched
15:58:14.299 [TestNG-tests-2] INFO  testCases.AddEmployeeTest - Successfully landed into Employee List page
15:58:15.053 [TestNG-tests-2] INFO  testCases.AddEmployeeTest - Created EmployeeId is entered in the employeeId field
15:58:15.951 [TestNG-tests-2] INFO  testCases.AddEmployeeTest - Created Employee is displayed in the table
15:58:17.258 [TestNG-tests-2] INFO  testCases.AddEmployeeTest - Logged out Successfully
15:58:19.284 [TestNG-tests-2] INFO  utilities.Listeners - Execution completed
