22:31:51.918 [TestNG-tests-1] INFO  utilities.Listeners - Execution started
22:31:51.918 [TestNG-tests-2] INFO  utilities.Listeners - Execution started
22:32:01.416 [TestNG-tests-1] INFO  utilities.Listeners - addEmployee Test execution started
22:32:01.416 [TestNG-tests-2] INFO  utilities.Listeners - addEmployee Test execution started
22:32:01.421 [TestNG-tests-1] INFO  testCases.AddEmployeeTest - Landed into login page
22:32:01.421 [TestNG-tests-2] INFO  testCases.AddEmployeeTest - Landed into login page
22:32:03.792 [TestNG-tests-2] INFO  testCases.AddEmployeeTest - Logged in Successfully
22:32:03.802 [TestNG-tests-2] INFO  testCases.AddEmployeeTest - page title is matched
22:32:13.857 [TestNG-tests-2] ERROR testCases.AddEmployeeTest - Test Failed
22:32:15.464 [TestNG-tests-2] INFO  utilities.Listeners - addEmployee Test execution started
22:32:15.468 [TestNG-tests-2] INFO  testCases.AddEmployeeTest - Landed into login page
22:32:15.485 [TestNG-tests-2] INFO  utilities.Listeners - addEmployee Test execution started
22:32:15.485 [TestNG-tests-2] INFO  testCases.AddEmployeeTest - Landed into login page
22:32:15.497 [TestNG-tests-2] INFO  utilities.Listeners - addEmployee Test execution started
22:32:15.497 [TestNG-tests-2] INFO  testCases.AddEmployeeTest - Landed into login page
22:32:17.566 [TestNG-tests-2] INFO  utilities.Listeners - Execution completed
22:32:26.256 [TestNG-tests-1] INFO  utilities.Listeners - addEmployee Test execution started
22:32:26.256 [TestNG-tests-1] INFO  testCases.AddEmployeeTest - Landed into login page
22:32:29.400 [TestNG-tests-1] INFO  testCases.AddEmployeeTest - Logged in Successfully
22:32:29.415 [TestNG-tests-1] INFO  testCases.AddEmployeeTest - page title is matched
22:32:33.481 [TestNG-tests-1] INFO  testCases.AddEmployeeTest - New Employee added Successfully
22:32:35.176 [TestNG-tests-1] INFO  testCases.AddEmployeeTest - Success Message is matched
22:32:35.895 [TestNG-tests-1] INFO  testCases.AddEmployeeTest - Successfully landed into Employee List page
22:32:36.516 [TestNG-tests-1] INFO  testCases.AddEmployeeTest - Created EmployeeId is entered in the employeeId field
22:32:37.272 [TestNG-tests-1] ERROR testCases.AddEmployeeTest - Test Failed
22:32:45.626 [TestNG-tests-1] INFO  utilities.Listeners - addEmployee Test execution started
22:32:45.627 [TestNG-tests-1] INFO  testCases.AddEmployeeTest - Landed into login page
22:32:47.569 [TestNG-tests-1] INFO  testCases.AddEmployeeTest - Logged in Successfully
22:32:49.418 [TestNG-tests-1] INFO  testCases.AddEmployeeTest - page title is matched
22:32:53.374 [TestNG-tests-1] INFO  testCases.AddEmployeeTest - New Employee added Successfully
22:32:54.929 [TestNG-tests-1] INFO  testCases.AddEmployeeTest - Success Message is matched
22:32:55.619 [TestNG-tests-1] INFO  testCases.AddEmployeeTest - Successfully landed into Employee List page
22:32:56.194 [TestNG-tests-1] INFO  testCases.AddEmployeeTest - Created EmployeeId is entered in the employeeId field
22:32:56.988 [TestNG-tests-1] INFO  testCases.AddEmployeeTest - Created Employee is displayed in the table
22:32:58.005 [TestNG-tests-1] INFO  testCases.AddEmployeeTest - Logged out Successfully
22:33:05.804 [TestNG-tests-1] INFO  utilities.Listeners - existEmployeeDetails Test execution started
22:33:05.804 [TestNG-tests-1] INFO  testCases.ExistEmployeeDetailsTest - Landed into login page
22:33:06.976 [TestNG-tests-1] INFO  testCases.ExistEmployeeDetailsTest - Logged in Successfully
22:33:09.147 [TestNG-tests-1] INFO  testCases.ExistEmployeeDetailsTest - page title is matched
22:33:10.977 [TestNG-tests-1] INFO  testCases.ExistEmployeeDetailsTest - Successfully landed into Employee List page
22:33:11.796 [TestNG-tests-1] INFO  testCases.ExistEmployeeDetailsTest - EmployeeId is entered in the employeeId field
22:33:16.017 [TestNG-tests-1] ERROR testCases.ExistEmployeeDetailsTest - Test Failed
22:33:21.757 [TestNG-tests-1] INFO  utilities.Listeners - existEmployeeDetails Test execution started
22:33:21.757 [TestNG-tests-1] INFO  testCases.ExistEmployeeDetailsTest - Landed into login page
22:33:25.070 [TestNG-tests-1] INFO  utilities.Listeners - existEmployeeDetails Test execution started
22:33:25.070 [TestNG-tests-1] INFO  testCases.ExistEmployeeDetailsTest - Landed into login page
22:33:28.506 [TestNG-tests-1] INFO  utilities.Listeners - existEmployeeDetails Test execution started
22:33:28.506 [TestNG-tests-1] INFO  testCases.ExistEmployeeDetailsTest - Landed into login page
22:33:29.031 [TestNG-tests-1] INFO  utilities.Listeners - Execution completed
