17:56:24.784 [TestNG-tests-1] INFO  utilities.Listeners - Execution started
17:56:29.243 [TestNG-tests-1] INFO  utilities.Listeners - testLoginAndLogout Test execution started
17:56:29.247 [TestNG-tests-1] INFO  testCases.LoginandLogoutTest - Landed into login page
17:56:30.970 [TestNG-tests-1] INFO  testCases.LoginandLogoutTest - Logged in Successfully
17:56:30.977 [TestNG-tests-1] INFO  testCases.LoginandLogoutTest - page title is matched
17:56:35.216 [TestNG-tests-1] INFO  testCases.LoginandLogoutTest - Logged out Successfully
17:56:35.234 [TestNG-tests-1] INFO  utilities.Listeners - addEmployee Test execution started
17:56:35.258 [TestNG-tests-1] INFO  testCases.LoginandLogoutTest - Landed into login page
17:56:36.581 [TestNG-tests-1] INFO  testCases.LoginandLogoutTest - Logged in Successfully
17:56:40.420 [TestNG-tests-1] INFO  testCases.LoginandLogoutTest - New Employee added Successfully
17:56:41.764 [TestNG-tests-1] ERROR testCases.LoginandLogoutTest - Test Failed
17:56:41.767 [TestNG-tests-1] INFO  utilities.Listeners - addEmployee Test execution started
17:56:41.767 [TestNG-tests-1] INFO  testCases.LoginandLogoutTest - Landed into login page
17:56:51.787 [TestNG-tests-1] ERROR testCases.LoginandLogoutTest - Test Failed
17:56:51.789 [TestNG-tests-1] INFO  utilities.Listeners - addEmployee Test execution started
17:56:51.790 [TestNG-tests-1] INFO  testCases.LoginandLogoutTest - Landed into login page
17:57:01.857 [TestNG-tests-1] ERROR testCases.LoginandLogoutTest - Test Failed
17:57:01.859 [TestNG-tests-1] INFO  utilities.Listeners - addEmployee Test execution started
17:57:01.860 [TestNG-tests-1] INFO  testCases.LoginandLogoutTest - Landed into login page
17:57:11.917 [TestNG-tests-1] ERROR testCases.LoginandLogoutTest - Test Failed
17:57:13.217 [TestNG-tests-1] INFO  utilities.Listeners - Execution completed
