18:28:03.901 [TestNG-tests-1] INFO  utilities.Listeners - Execution started
18:28:03.901 [TestNG-tests-2] INFO  utilities.Listeners - Execution started
18:28:10.288 [TestNG-tests-1] INFO  utilities.Listeners - addEmployee Test execution started
18:28:10.291 [TestNG-tests-1] INFO  testCases.AddEmployeeTest - Landed into login page
18:28:11.355 [TestNG-tests-2] INFO  utilities.Listeners - addEmployee Test execution started
18:28:11.355 [TestNG-tests-2] INFO  testCases.AddEmployeeTest - Landed into login page
18:28:14.878 [TestNG-tests-1] INFO  testCases.AddEmployeeTest - Logged in Successfully
18:28:14.883 [TestNG-tests-1] INFO  testCases.AddEmployeeTest - page title is matched
18:28:24.915 [TestNG-tests-1] ERROR testCases.AddEmployeeTest - Test Failed
18:28:26.265 [TestNG-tests-1] INFO  utilities.Listeners - addEmployee Test execution started
18:28:26.266 [TestNG-tests-1] INFO  testCases.AddEmployeeTest - Landed into login page
18:28:26.273 [TestNG-tests-1] INFO  utilities.Listeners - addEmployee Test execution started
18:28:26.273 [TestNG-tests-1] INFO  testCases.AddEmployeeTest - Landed into login page
18:28:26.277 [TestNG-tests-1] INFO  utilities.Listeners - addEmployee Test execution started
18:28:26.277 [TestNG-tests-1] INFO  testCases.AddEmployeeTest - Landed into login page
18:28:27.257 [TestNG-tests-1] INFO  utilities.Listeners - Execution completed
18:28:31.283 [TestNG-tests-2] INFO  utilities.Listeners - addEmployee Test execution started
18:28:31.283 [TestNG-tests-2] INFO  testCases.AddEmployeeTest - Landed into login page
18:28:38.258 [TestNG-tests-2] INFO  testCases.AddEmployeeTest - Logged in Successfully
18:28:38.264 [TestNG-tests-2] INFO  testCases.AddEmployeeTest - page title is matched
18:28:47.333 [TestNG-tests-2] INFO  testCases.AddEmployeeTest - New Employee added Successfully
18:28:49.786 [TestNG-tests-2] INFO  testCases.AddEmployeeTest - Success Message is matched
18:28:50.395 [TestNG-tests-2] INFO  testCases.AddEmployeeTest - Successfully landed into Employee List page
18:28:50.975 [TestNG-tests-2] INFO  testCases.AddEmployeeTest - Created EmployeeId is entered in the employeeId field
18:28:52.085 [TestNG-tests-2] ERROR testCases.AddEmployeeTest - Test Failed
18:28:57.936 [TestNG-tests-2] INFO  utilities.Listeners - addEmployee Test execution started
18:28:57.936 [TestNG-tests-2] INFO  testCases.AddEmployeeTest - Landed into login page
18:29:02.177 [TestNG-tests-2] INFO  testCases.AddEmployeeTest - Logged in Successfully
18:29:02.181 [TestNG-tests-2] INFO  testCases.AddEmployeeTest - page title is matched
18:29:09.707 [TestNG-tests-2] INFO  testCases.AddEmployeeTest - New Employee added Successfully
18:29:11.113 [TestNG-tests-2] INFO  testCases.AddEmployeeTest - Success Message is matched
18:29:11.614 [TestNG-tests-2] INFO  testCases.AddEmployeeTest - Successfully landed into Employee List page
18:29:12.369 [TestNG-tests-2] INFO  testCases.AddEmployeeTest - Created EmployeeId is entered in the employeeId field
18:29:13.665 [TestNG-tests-2] INFO  testCases.AddEmployeeTest - Created Employee is displayed in the table
18:29:14.786 [TestNG-tests-2] INFO  testCases.AddEmployeeTest - Logged out Successfully
18:29:20.308 [TestNG-tests-2] INFO  utilities.Listeners - existEmployeeDetails Test execution started
18:29:20.308 [TestNG-tests-2] INFO  testCases.ExistEmployeeDetailsTest - Landed into login page
18:29:23.804 [TestNG-tests-2] INFO  testCases.ExistEmployeeDetailsTest - Logged in Successfully
18:29:23.808 [TestNG-tests-2] INFO  testCases.ExistEmployeeDetailsTest - page title is matched
18:29:27.228 [TestNG-tests-2] INFO  testCases.ExistEmployeeDetailsTest - Successfully landed into Employee List page
18:29:27.839 [TestNG-tests-2] INFO  testCases.ExistEmployeeDetailsTest - EmployeeId is entered in the employeeId field
18:29:50.193 [TestNG-tests-2] ERROR testCases.ExistEmployeeDetailsTest - Test Failed
18:29:55.129 [TestNG-tests-2] INFO  utilities.Listeners - existEmployeeDetails Test execution started
18:29:55.129 [TestNG-tests-2] INFO  testCases.ExistEmployeeDetailsTest - Landed into login page
18:30:00.544 [TestNG-tests-2] INFO  utilities.Listeners - existEmployeeDetails Test execution started
18:30:00.545 [TestNG-tests-2] INFO  testCases.ExistEmployeeDetailsTest - Landed into login page
18:30:04.149 [TestNG-tests-2] INFO  utilities.Listeners - existEmployeeDetails Test execution started
18:30:04.149 [TestNG-tests-2] INFO  testCases.ExistEmployeeDetailsTest - Landed into login page
18:30:04.538 [TestNG-tests-2] INFO  utilities.Listeners - Execution completed
