14:00:20.401 [TestNG-tests-1] INFO  testCases.ExistEmployeeDetailsTest - page title is matched
14:00:21.827 [TestNG-tests-2] INFO  testCases.ExistEmployeeDetailsTest - Logged in Successfully
14:00:21.832 [TestNG-tests-2] INFO  testCases.ExistEmployeeDetailsTest - page title is matched
14:00:21.979 [TestNG-tests-1] INFO  testCases.ExistEmployeeDetailsTest - Successfully landed into Employee List page
14:00:22.476 [TestNG-tests-1] INFO  testCases.ExistEmployeeDetailsTest - EmployeeId is entered in the employeeId field
14:00:23.035 [TestNG-tests-1] INFO  testCases.ExistEmployeeDetailsTest - Searched Employee entry is found in the table
14:00:23.393 [TestNG-tests-2] INFO  testCases.ExistEmployeeDetailsTest - Successfully landed into Employee List page
14:00:23.868 [TestNG-tests-2] INFO  testCases.ExistEmployeeDetailsTest - EmployeeId is entered in the employeeId field
14:00:23.914 [TestNG-tests-1] INFO  testCases.ExistEmployeeDetailsTest - Logged out Successfully
14:00:24.569 [TestNG-tests-2] ERROR testCases.DeleteEmployeeTest - Test Failed
14:00:28.252 [TestNG-tests-1] INFO  utilities.Listeners - deleteEmployee Test execution started
14:00:28.252 [TestNG-tests-1] INFO  testCases.ExistEmployeeDetailsTest - Landed into login page
14:00:30.153 [TestNG-tests-1] INFO  testCases.ExistEmployeeDetailsTest - Logged in Successfully
14:00:30.158 [TestNG-tests-1] INFO  testCases.ExistEmployeeDetailsTest - page title is matched
14:00:31.632 [TestNG-tests-2] INFO  utilities.Listeners - existEmployeeDetails Test execution started
14:00:31.632 [TestNG-tests-2] INFO  testCases.ExistEmployeeDetailsTest - Landed into login page
14:00:31.644 [TestNG-tests-1] INFO  testCases.ExistEmployeeDetailsTest - Successfully landed into Employee List page
14:00:39.932 [TestNG-tests-1] INFO  testCases.ExistEmployeeDetailsTest - EmployeeId is entered in the employeeId field
14:00:39.987 [TestNG-tests-1] INFO  testCases.ExistEmployeeDetailsTest - Searched Employee entry is not found in the table
14:00:42.222 [TestNG-tests-1] INFO  testCases.ExistEmployeeDetailsTest - Logged out Successfully
14:00:43.412 [TestNG-tests-1] INFO  utilities.Listeners - Execution completed
14:00:50.008 [TestNG-tests-2] INFO  utilities.Listeners - existEmployeeDetails Test execution started
14:00:50.008 [TestNG-tests-2] INFO  testCases.ExistEmployeeDetailsTest - Landed into login page
14:00:51.883 [TestNG-tests-2] INFO  testCases.ExistEmployeeDetailsTest - Logged in Successfully
14:00:51.887 [TestNG-tests-2] INFO  testCases.ExistEmployeeDetailsTest - page title is matched
14:00:53.506 [TestNG-tests-2] INFO  testCases.ExistEmployeeDetailsTest - Successfully landed into Employee List page
14:00:53.951 [TestNG-tests-2] INFO  testCases.ExistEmployeeDetailsTest - EmployeeId is entered in the employeeId field
14:00:54.462 [TestNG-tests-2] ERROR testCases.ExistEmployeeDetailsTest - Test Failed
14:01:01.549 [TestNG-tests-2] INFO  utilities.Listeners - existEmployeeDetails Test execution started
14:01:01.550 [TestNG-tests-2] INFO  testCases.ExistEmployeeDetailsTest - Landed into login page
14:01:03.216 [TestNG-tests-2] INFO  testCases.ExistEmployeeDetailsTest - Logged in Successfully
14:01:03.220 [TestNG-tests-2] INFO  testCases.ExistEmployeeDetailsTest - page title is matched
14:01:05.077 [TestNG-tests-2] INFO  testCases.ExistEmployeeDetailsTest - Successfully landed into Employee List page
14:01:05.513 [TestNG-tests-2] INFO  testCases.ExistEmployeeDetailsTest - EmployeeId is entered in the employeeId field
14:01:05.997 [TestNG-tests-2] ERROR testCases.ExistEmployeeDetailsTest - Test Failed
14:01:13.092 [TestNG-tests-2] INFO  utilities.Listeners - deleteEmployee Test execution started
14:01:13.093 [TestNG-tests-2] INFO  testCases.DeleteEmployeeTest - Landed into login page
14:01:15.185 [TestNG-tests-2] INFO  testCases.DeleteEmployeeTest - Logged in Successfully
14:01:15.191 [TestNG-tests-2] INFO  testCases.DeleteEmployeeTest - page title is matched
14:01:16.805 [TestNG-tests-2] INFO  testCases.DeleteEmployeeTest - Successfully landed into Employee List page
14:01:17.251 [TestNG-tests-2] INFO  testCases.DeleteEmployeeTest - EmployeeId is entered in the employeeId field
14:01:17.305 [TestNG-tests-2] INFO  testCases.DeleteEmployeeTest - Searched Employee entry is not found in the table
14:01:19.100 [TestNG-tests-2] INFO  testCases.DeleteEmployeeTest - Logged out Successfully
14:01:20.678 [TestNG-tests-2] INFO  utilities.Listeners - Execution completed
