18:44:14.909 [TestNG-tests-1] INFO  testCases.AddEmployeeTest - Landed into login page
18:44:15.564 [TestNG-tests-1] INFO  testCases.AddEmployeeTest - Logged in Successfully
18:44:16.734 [TestNG-tests-1] INFO  testCases.AddEmployeeTest - page title is matched
18:44:20.208 [TestNG-tests-1] INFO  testCases.AddEmployeeTest - New Employee added Successfully
18:44:21.477 [TestNG-tests-1] INFO  testCases.AddEmployeeTest - Success Message is matched
18:44:21.958 [TestNG-tests-1] INFO  testCases.AddEmployeeTest - Successfully landed into Employee List page
18:44:22.399 [TestNG-tests-1] INFO  testCases.AddEmployeeTest - Created EmployeeId is entered in the employeeId field
18:44:23.232 [TestNG-tests-1] ERROR testCases.AddEmployeeTest - Test Failed
18:44:23.335 [TestNG-tests-1] INFO  io.github.bonigarcia.wdm.WebDriverManager - Using chromedriver 132.0.6834.159 (resolved driver for Chrome 132)
18:44:23.343 [TestNG-tests-1] INFO  io.github.bonigarcia.wdm.WebDriverManager - Exporting webdriver.chrome.driver as C:\Users\ashish.vanjarapu\.cache\selenium\chromedriver\win64\132.0.6834.159\chromedriver.exe
18:44:27.101 [TestNG-tests-1] INFO  utilities.Listeners - addEmployee Test execution started
18:44:27.101 [TestNG-tests-1] INFO  testCases.AddEmployeeTest - Landed into login page
18:44:29.120 [TestNG-tests-1] INFO  testCases.AddEmployeeTest - Logged in Successfully
18:44:29.126 [TestNG-tests-1] INFO  testCases.AddEmployeeTest - page title is matched
18:44:32.557 [TestNG-tests-1] INFO  testCases.AddEmployeeTest - New Employee added Successfully
18:44:33.847 [TestNG-tests-1] INFO  testCases.AddEmployeeTest - Success Message is matched
18:44:34.366 [TestNG-tests-1] INFO  testCases.AddEmployeeTest - Successfully landed into Employee List page
18:44:34.829 [TestNG-tests-1] INFO  testCases.AddEmployeeTest - Created EmployeeId is entered in the employeeId field
18:44:35.334 [TestNG-tests-1] INFO  testCases.AddEmployeeTest - Created Employee is displayed in the table
18:44:36.201 [TestNG-tests-1] INFO  testCases.AddEmployeeTest - Logged out Successfully
18:44:36.325 [TestNG-tests-1] INFO  io.github.bonigarcia.wdm.WebDriverManager - Using chromedriver 132.0.6834.159 (resolved driver for Chrome 132)
18:44:36.333 [TestNG-tests-1] INFO  io.github.bonigarcia.wdm.WebDriverManager - Exporting webdriver.chrome.driver as C:\Users\ashish.vanjarapu\.cache\selenium\chromedriver\win64\132.0.6834.159\chromedriver.exe
18:44:39.975 [TestNG-tests-1] INFO  utilities.Listeners - notExistEmployeeDetails Test execution started
18:44:39.975 [TestNG-tests-1] INFO  testCases.NotExistEmployeeDetailsTest - Landed into login page
18:44:40.572 [TestNG-tests-1] INFO  testCases.NotExistEmployeeDetailsTest - Logged in Successfully
18:44:41.720 [TestNG-tests-1] INFO  testCases.NotExistEmployeeDetailsTest - page title is matched
18:44:43.286 [TestNG-tests-1] INFO  testCases.NotExistEmployeeDetailsTest - Successfully landed into Employee List page
18:44:43.723 [TestNG-tests-1] INFO  testCases.NotExistEmployeeDetailsTest - EmployeeId is entered in the employeeId field
18:44:44.279 [TestNG-tests-1] INFO  testCases.NotExistEmployeeDetailsTest - Searched Employee is not found in the table
18:44:45.144 [TestNG-tests-1] INFO  testCases.NotExistEmployeeDetailsTest - Logged out Successfully
18:44:45.630 [TestNG-tests-1] INFO  utilities.Listeners - Execution completed
