18:11:59.537 [TestNG-tests-1] INFO  utilities.Listeners - Execution started
18:12:03.958 [TestNG-tests-1] INFO  utilities.Listeners - testLoginAndLogout Test execution started
18:12:03.963 [TestNG-tests-1] INFO  testCases.LoginandLogoutTest - Landed into login page
18:12:05.696 [TestNG-tests-1] INFO  testCases.LoginandLogoutTest - Logged in Successfully
18:12:05.703 [TestNG-tests-1] INFO  testCases.LoginandLogoutTest - page title is matched
18:12:09.915 [TestNG-tests-1] INFO  testCases.LoginandLogoutTest - Logged out Successfully
18:12:09.932 [TestNG-tests-1] INFO  utilities.Listeners - addEmployee Test execution started
18:12:09.981 [TestNG-tests-1] INFO  testCases.LoginandLogoutTest - Landed into login page
18:12:11.191 [TestNG-tests-1] INFO  testCases.LoginandLogoutTest - Logged in Successfully
18:12:14.583 [TestNG-tests-1] INFO  testCases.LoginandLogoutTest - New Employee added Successfully
18:12:15.855 [TestNG-tests-1] INFO  utilities.Listeners - addEmployee Test execution started
18:12:15.856 [TestNG-tests-1] INFO  testCases.LoginandLogoutTest - Landed into login page
18:12:25.888 [TestNG-tests-1] ERROR testCases.LoginandLogoutTest - Test Failed
18:12:25.890 [TestNG-tests-1] INFO  utilities.Listeners - addEmployee Test execution started
18:12:25.890 [TestNG-tests-1] INFO  testCases.LoginandLogoutTest - Landed into login page
18:12:35.940 [TestNG-tests-1] ERROR testCases.LoginandLogoutTest - Test Failed
18:12:35.941 [TestNG-tests-1] INFO  utilities.Listeners - addEmployee Test execution started
18:12:35.942 [TestNG-tests-1] INFO  testCases.LoginandLogoutTest - Landed into login page
18:12:45.952 [TestNG-tests-1] ERROR testCases.LoginandLogoutTest - Test Failed
18:12:47.203 [TestNG-tests-1] INFO  utilities.Listeners - Execution completed
