11:28:40.220 [TestNG-tests-1] INFO  utilities.Listeners - Execution started
11:28:40.220 [TestNG-tests-2] INFO  utilities.Listeners - Execution started
11:28:40.610 [TestNG-tests-2] INFO  io.github.bonigarcia.wdm.WebDriverManager - Using msedgedriver 133.0.3065.69 (resolved driver for Edge 133)
11:28:40.610 [TestNG-tests-1] INFO  io.github.bonigarcia.wdm.WebDriverManager - Using chromedriver 132.0.6834.159 (resolved driver for Chrome 132)
11:28:40.646 [TestNG-tests-2] INFO  io.github.bonigarcia.wdm.WebDriverManager - Exporting webdriver.edge.driver as C:\Users\ashish.vanjarapu\.cache\selenium\msedgedriver\win64\133.0.3065.69\msedgedriver.exe
11:28:40.646 [TestNG-tests-1] INFO  io.github.bonigarcia.wdm.WebDriverManager - Exporting webdriver.chrome.driver as C:\Users\ashish.vanjarapu\.cache\selenium\chromedriver\win64\132.0.6834.159\chromedriver.exe
11:28:44.532 [TestNG-tests-1] INFO  utilities.Listeners - addEmployee Test execution started
11:28:44.534 [TestNG-tests-1] INFO  testCases.AddEmployeeTest - Landed into login page
11:28:46.262 [TestNG-tests-2] INFO  utilities.Listeners - addEmployee Test execution started
11:28:46.262 [TestNG-tests-2] INFO  testCases.AddEmployeeTest - Landed into login page
11:28:46.289 [TestNG-tests-1] INFO  testCases.AddEmployeeTest - Logged in Successfully
11:28:46.295 [TestNG-tests-1] INFO  testCases.AddEmployeeTest - page title is matched
11:28:48.370 [TestNG-tests-2] INFO  testCases.AddEmployeeTest - Logged in Successfully
11:28:48.378 [TestNG-tests-2] INFO  testCases.AddEmployeeTest - page title is matched
11:28:49.896 [TestNG-tests-1] INFO  testCases.AddEmployeeTest - New Employee added Successfully
11:28:51.734 [TestNG-tests-1] INFO  testCases.AddEmployeeTest - Success Message is matched
11:28:52.013 [TestNG-tests-2] INFO  testCases.AddEmployeeTest - New Employee added Successfully
11:28:52.273 [TestNG-tests-1] INFO  testCases.AddEmployeeTest - Successfully landed into Employee List page
11:28:52.800 [TestNG-tests-1] INFO  testCases.AddEmployeeTest - Created EmployeeId is entered in the employeeId field
11:28:53.505 [TestNG-tests-2] INFO  testCases.AddEmployeeTest - Success Message is matched
11:28:53.562 [TestNG-tests-1] INFO  testCases.AddEmployeeTest - Created Employee is displayed in the table
11:28:54.045 [TestNG-tests-2] INFO  testCases.AddEmployeeTest - Successfully landed into Employee List page
11:28:54.477 [TestNG-tests-1] INFO  testCases.AddEmployeeTest - Logged out Successfully
11:28:54.636 [TestNG-tests-2] INFO  testCases.AddEmployeeTest - Created EmployeeId is entered in the employeeId field
11:28:54.837 [TestNG-tests-1] INFO  io.github.bonigarcia.wdm.WebDriverManager - Using chromedriver 132.0.6834.159 (resolved driver for Chrome 132)
11:28:54.851 [TestNG-tests-1] INFO  io.github.bonigarcia.wdm.WebDriverManager - Exporting webdriver.chrome.driver as C:\Users\ashish.vanjarapu\.cache\selenium\chromedriver\win64\132.0.6834.159\chromedriver.exe
11:28:55.142 [TestNG-tests-2] ERROR testCases.NotExistEmployeeDetailsTest - Test Failed
11:28:55.149 [TestNG-tests-2] INFO  utilities.Listeners - addEmployee Test execution started
11:28:55.149 [TestNG-tests-2] INFO  testCases.NotExistEmployeeDetailsTest - Landed into login page
11:28:55.155 [TestNG-tests-2] INFO  utilities.Listeners - addEmployee Test execution started
11:28:55.155 [TestNG-tests-2] INFO  testCases.NotExistEmployeeDetailsTest - Landed into login page
11:28:55.160 [TestNG-tests-2] INFO  utilities.Listeners - addEmployee Test execution started
11:28:55.160 [TestNG-tests-2] INFO  testCases.NotExistEmployeeDetailsTest - Landed into login page
11:28:56.487 [TestNG-tests-2] INFO  utilities.Listeners - Execution completed
11:28:58.876 [TestNG-tests-1] INFO  utilities.Listeners - notExistEmployeeDetails Test execution started
11:28:58.876 [TestNG-tests-1] INFO  testCases.NotExistEmployeeDetailsTest - Landed into login page
11:28:59.537 [TestNG-tests-1] INFO  testCases.NotExistEmployeeDetailsTest - Logged in Successfully
11:29:00.678 [TestNG-tests-1] INFO  testCases.NotExistEmployeeDetailsTest - page title is matched
11:29:02.103 [TestNG-tests-1] INFO  testCases.NotExistEmployeeDetailsTest - Successfully landed into Employee List page
11:29:02.648 [TestNG-tests-1] INFO  testCases.NotExistEmployeeDetailsTest - EmployeeId is entered in the employeeId field
11:29:03.336 [TestNG-tests-1] INFO  testCases.NotExistEmployeeDetailsTest - Searched Employee is not found in the table
11:29:04.215 [TestNG-tests-1] INFO  testCases.NotExistEmployeeDetailsTest - Logged out Successfully
11:29:04.786 [TestNG-tests-1] INFO  utilities.Listeners - Execution completed
