13:05:20.740 [main] INFO  utilities.Listeners - existEmployeeDetails Test execution started
13:05:20.744 [main] INFO  testCases.ExistEmployeeDetailsTest - Landed into login page
13:05:22.819 [main] INFO  testCases.ExistEmployeeDetailsTest - Logged in Successfully
13:05:22.823 [main] INFO  testCases.ExistEmployeeDetailsTest - page title is matched
13:05:24.620 [main] INFO  testCases.ExistEmployeeDetailsTest - Successfully landed into Employee List page
13:05:25.055 [main] INFO  testCases.ExistEmployeeDetailsTest - EmployeeId is entered in the employeeId field
13:05:25.605 [main] INFO  testCases.ExistEmployeeDetailsTest - Searched Employee entry is found in the table
13:05:26.456 [main] INFO  testCases.ExistEmployeeDetailsTest - Logged out Successfully
13:05:33.409 [main] INFO  utilities.Listeners - deleteEmployee Test execution started
13:05:33.410 [main] INFO  testCases.DeleteEmployeeTest - Landed into login page
13:05:35.434 [main] INFO  testCases.DeleteEmployeeTest - Logged in Successfully
13:05:35.438 [main] INFO  testCases.DeleteEmployeeTest - page title is matched
13:05:37.079 [main] INFO  testCases.DeleteEmployeeTest - Successfully landed into Employee List page
13:05:37.522 [main] INFO  testCases.DeleteEmployeeTest - EmployeeId is entered in the employeeId field
13:05:37.571 [main] INFO  testCases.DeleteEmployeeTest - Searched Employee entry is not found in the table
13:05:37.987 [main] ERROR testCases.DeleteEmployeeTest - Test Failed
13:05:44.889 [main] INFO  utilities.Listeners - deleteEmployee Test execution started
13:05:44.889 [main] INFO  testCases.DeleteEmployeeTest - Landed into login page
13:05:46.943 [main] INFO  testCases.DeleteEmployeeTest - Logged in Successfully
13:05:46.947 [main] INFO  testCases.DeleteEmployeeTest - page title is matched
13:05:48.521 [main] INFO  testCases.DeleteEmployeeTest - Successfully landed into Employee List page
13:05:48.965 [main] INFO  testCases.DeleteEmployeeTest - EmployeeId is entered in the employeeId field
13:05:49.015 [main] INFO  testCases.DeleteEmployeeTest - Searched Employee entry is not found in the table
13:05:50.828 [main] INFO  testCases.DeleteEmployeeTest - Logged out Successfully
13:05:52.424 [main] INFO  utilities.Listeners - Execution completed
