15:00:51.732 [main] INFO  utilities.Listeners - Execution started
15:01:01.549 [main] INFO  utilities.Listeners - testLoginAndLogout Test execution started
15:01:01.562 [main] INFO  testCases.LoginandLogoutTest - Landed into login page
15:01:04.351 [main] INFO  testCases.LoginandLogoutTest - Logged in Successfully
15:01:09.908 [main] INFO  testCases.LoginandLogoutTest - page title is matched
15:01:16.532 [main] INFO  testCases.LoginandLogoutTest - Logged out Successfully
15:01:25.510 [main] INFO  utilities.Listeners - addEmployee Test execution started
15:01:25.514 [main] INFO  testCases.AddEmployeeTest - Landed into login page
15:01:34.890 [main] INFO  testCases.AddEmployeeTest - Logged in Successfully
15:01:49.767 [main] ERROR testCases.AddEmployeeTest - Test Failed
15:02:03.382 [main] INFO  utilities.Listeners - addEmployee Test execution started
15:02:03.384 [main] INFO  testCases.AddEmployeeTest - Landed into login page
15:02:12.816 [main] INFO  testCases.AddEmployeeTest - Logged in Successfully
15:02:23.369 [main] ERROR testCases.AddEmployeeTest - Test Failed
15:02:33.915 [main] INFO  utilities.Listeners - addEmployee Test execution started
15:02:33.916 [main] INFO  testCases.AddEmployeeTest - Landed into login page
15:02:40.349 [main] INFO  testCases.AddEmployeeTest - Logged in Successfully
15:02:51.889 [main] ERROR testCases.AddEmployeeTest - Test Failed
15:02:57.012 [main] INFO  utilities.Listeners - addEmployee Test execution started
15:02:57.016 [main] INFO  testCases.AddEmployeeTest - Landed into login page
15:03:10.696 [main] INFO  testCases.AddEmployeeTest - Logged in Successfully
15:03:23.920 [main] ERROR testCases.AddEmployeeTest - Test Failed
15:03:36.089 [main] INFO  utilities.Listeners - employeeDetails Test execution started
15:03:36.090 [main] INFO  testCases.EmployeeDetailsTest - Landed into login page
15:03:46.312 [main] INFO  testCases.EmployeeDetailsTest - Logged in Successfully
15:03:54.476 [main] INFO  testCases.EmployeeDetailsTest - Successfully landed into Employee List page
15:03:56.317 [main] INFO  testCases.EmployeeDetailsTest - Created EmployeeId is entered in the employeeId field
15:03:56.320 [main] INFO  testCases.EmployeeDetailsTest - elementToBeClickable is not found
15:03:56.411 [main] INFO  testCases.EmployeeDetailsTest - Created Employee details is displayed in the table
15:03:58.275 [main] INFO  testCases.EmployeeDetailsTest - visibilityOfElementLocated is not found
15:03:58.294 [main] INFO  testCases.EmployeeDetailsTest - EmployeeId is matched
15:04:00.069 [main] INFO  utilities.Listeners - Execution completed
