15:24:22.959 [TestNG-tests-1] INFO  utilities.Listeners - Execution started
15:24:22.959 [TestNG-tests-2] INFO  utilities.Listeners - Execution started
15:24:29.726 [TestNG-tests-1] INFO  utilities.Listeners - addEmployee Test execution started
15:24:29.733 [TestNG-tests-1] INFO  testCases.AddEmployeeTest - Landed into login page
15:24:30.520 [TestNG-tests-1] INFO  testCases.AddEmployeeTest - Logged in Successfully
15:24:30.721 [TestNG-tests-2] INFO  utilities.Listeners - addEmployee Test execution started
15:24:30.722 [TestNG-tests-2] INFO  testCases.AddEmployeeTest - Landed into login page
15:24:31.913 [TestNG-tests-1] INFO  testCases.AddEmployeeTest - page title is matched
15:24:33.000 [TestNG-tests-2] INFO  testCases.AddEmployeeTest - Logged in Successfully
15:24:33.010 [TestNG-tests-2] INFO  testCases.AddEmployeeTest - page title is matched
15:24:37.359 [TestNG-tests-1] INFO  testCases.AddEmployeeTest - New Employee added Successfully
15:24:37.605 [TestNG-tests-2] INFO  testCases.AddEmployeeTest - New Employee added Successfully
15:24:38.950 [TestNG-tests-1] INFO  testCases.AddEmployeeTest - Success Message is matched
15:24:39.524 [TestNG-tests-2] INFO  testCases.AddEmployeeTest - Success Message is matched
15:24:39.549 [TestNG-tests-1] INFO  testCases.AddEmployeeTest - Successfully landed into Employee List page
15:24:40.121 [TestNG-tests-2] INFO  testCases.AddEmployeeTest - Successfully landed into Employee List page
15:24:40.148 [TestNG-tests-1] INFO  testCases.AddEmployeeTest - Created EmployeeId is entered in the employeeId field
15:24:40.787 [TestNG-tests-2] INFO  testCases.AddEmployeeTest - Created EmployeeId is entered in the employeeId field
15:24:40.847 [TestNG-tests-1] INFO  testCases.AddEmployeeTest - Created Employee is displayed in the table
15:24:41.361 [TestNG-tests-2] INFO  testCases.AddEmployeeTest - Created Employee is displayed in the table
15:24:41.962 [TestNG-tests-1] INFO  testCases.AddEmployeeTest - Logged out Successfully
15:24:42.387 [TestNG-tests-2] INFO  testCases.NotExistEmployeeDetailsTest - Logged out Successfully
15:24:52.309 [TestNG-tests-1] INFO  utilities.Listeners - notExistEmployeeDetails Test execution started
15:24:52.310 [TestNG-tests-1] INFO  testCases.NotExistEmployeeDetailsTest - Landed into login page
15:24:53.619 [TestNG-tests-1] INFO  testCases.NotExistEmployeeDetailsTest - Logged in Successfully
15:24:54.144 [TestNG-tests-2] INFO  utilities.Listeners - notExistEmployeeDetails Test execution started
15:24:54.144 [TestNG-tests-2] INFO  testCases.NotExistEmployeeDetailsTest - Landed into login page
15:24:54.990 [TestNG-tests-1] INFO  testCases.NotExistEmployeeDetailsTest - page title is matched
15:24:56.342 [TestNG-tests-2] INFO  testCases.NotExistEmployeeDetailsTest - Logged in Successfully
15:24:56.350 [TestNG-tests-2] INFO  testCases.NotExistEmployeeDetailsTest - page title is matched
15:24:56.637 [TestNG-tests-1] INFO  testCases.NotExistEmployeeDetailsTest - Successfully landed into Employee List page
15:24:57.693 [TestNG-tests-1] INFO  testCases.NotExistEmployeeDetailsTest - EmployeeId is entered in the employeeId field
15:24:58.278 [TestNG-tests-2] INFO  testCases.NotExistEmployeeDetailsTest - Successfully landed into Employee List page
15:24:58.626 [TestNG-tests-1] INFO  testCases.NotExistEmployeeDetailsTest - Searched Employee is not found in the table
15:24:58.812 [TestNG-tests-2] INFO  testCases.NotExistEmployeeDetailsTest - EmployeeId is entered in the employeeId field
15:24:59.695 [TestNG-tests-1] INFO  testCases.NotExistEmployeeDetailsTest - Logged out Successfully
15:24:59.767 [TestNG-tests-2] INFO  testCases.NotExistEmployeeDetailsTest - Searched Employee is not found in the table
15:25:00.904 [TestNG-tests-2] INFO  testCases.NotExistEmployeeDetailsTest - Logged out Successfully
15:25:01.817 [TestNG-tests-1] INFO  utilities.Listeners - Execution completed
15:25:02.441 [TestNG-tests-2] INFO  utilities.Listeners - Execution completed
