17:43:54.146 [TestNG-tests-1] INFO  utilities.Listeners - Execution started
17:43:54.146 [TestNG-tests-2] INFO  utilities.Listeners - Execution started
17:44:07.847 [TestNG-tests-1] INFO  utilities.Listeners - addEmployee Test execution started
17:44:07.852 [TestNG-tests-1] INFO  testCases.AddEmployeeTest - Landed into login page
17:44:08.742 [TestNG-tests-2] INFO  utilities.Listeners - addEmployee Test execution started
17:44:08.742 [TestNG-tests-2] INFO  testCases.AddEmployeeTest - Landed into login page
17:44:10.517 [TestNG-tests-1] INFO  testCases.AddEmployeeTest - Logged in Successfully
17:44:10.528 [TestNG-tests-1] INFO  testCases.AddEmployeeTest - page title is matched
17:44:11.704 [TestNG-tests-2] INFO  testCases.AddEmployeeTest - Logged in Successfully
17:44:11.718 [TestNG-tests-2] INFO  testCases.AddEmployeeTest - page title is matched
17:44:16.424 [TestNG-tests-2] INFO  testCases.AddEmployeeTest - New Employee added Successfully
17:44:16.564 [TestNG-tests-1] INFO  testCases.AddEmployeeTest - New Employee added Successfully
17:44:17.766 [TestNG-tests-2] INFO  testCases.AddEmployeeTest - Success Message is matched
17:44:17.883 [TestNG-tests-1] INFO  testCases.AddEmployeeTest - Success Message is matched
17:44:18.401 [TestNG-tests-2] INFO  testCases.AddEmployeeTest - Successfully landed into Employee List page
17:44:18.541 [TestNG-tests-1] INFO  testCases.AddEmployeeTest - Successfully landed into Employee List page
17:44:19.058 [TestNG-tests-2] INFO  testCases.AddEmployeeTest - Created EmployeeId is entered in the employeeId field
17:44:19.229 [TestNG-tests-1] INFO  testCases.AddEmployeeTest - Created EmployeeId is entered in the employeeId field
17:44:19.629 [TestNG-tests-2] ERROR testCases.AddEmployeeTest - Test Failed
17:44:19.972 [TestNG-tests-1] INFO  testCases.AddEmployeeTest - Created Employee is displayed in the table
17:44:19.982 [TestNG-tests-1] INFO  utilities.Listeners - addEmployee Test execution started
17:44:19.982 [TestNG-tests-1] INFO  testCases.AddEmployeeTest - Landed into login page
17:44:19.989 [TestNG-tests-1] INFO  utilities.Listeners - addEmployee Test execution started
17:44:19.989 [TestNG-tests-1] INFO  testCases.AddEmployeeTest - Landed into login page
17:44:19.996 [TestNG-tests-1] INFO  utilities.Listeners - addEmployee Test execution started
17:44:19.996 [TestNG-tests-1] INFO  testCases.AddEmployeeTest - Landed into login page
17:44:21.995 [TestNG-tests-1] INFO  utilities.Listeners - Execution completed
17:44:27.098 [TestNG-tests-2] INFO  utilities.Listeners - addEmployee Test execution started
17:44:27.098 [TestNG-tests-2] INFO  testCases.AddEmployeeTest - Landed into login page
17:44:29.261 [TestNG-tests-2] INFO  testCases.AddEmployeeTest - Logged in Successfully
17:44:29.274 [TestNG-tests-2] INFO  testCases.AddEmployeeTest - page title is matched
17:44:33.627 [TestNG-tests-2] INFO  testCases.AddEmployeeTest - New Employee added Successfully
17:44:35.072 [TestNG-tests-2] INFO  testCases.AddEmployeeTest - Success Message is matched
17:44:35.755 [TestNG-tests-2] INFO  testCases.AddEmployeeTest - Successfully landed into Employee List page
17:44:36.430 [TestNG-tests-2] INFO  testCases.AddEmployeeTest - Created EmployeeId is entered in the employeeId field
17:44:36.997 [TestNG-tests-2] INFO  testCases.AddEmployeeTest - Created Employee is displayed in the table
17:44:37.998 [TestNG-tests-2] INFO  testCases.AddEmployeeTest - Logged out Successfully
17:44:38.945 [TestNG-tests-2] INFO  utilities.Listeners - Execution completed
