18:28:04.681 [TestNG-tests-1] INFO  utilities.Listeners - Execution started
18:28:11.499 [TestNG-tests-1] INFO  utilities.Listeners - testLoginAndLogout Test execution started
18:28:11.507 [TestNG-tests-1] INFO  testCases.LoginandLogoutTest - Landed into login page
18:28:13.881 [TestNG-tests-1] INFO  testCases.LoginandLogoutTest - Logged in Successfully
18:28:13.895 [TestNG-tests-1] INFO  testCases.LoginandLogoutTest - page title is matched
18:28:18.462 [TestNG-tests-1] INFO  testCases.LoginandLogoutTest - Logged out Successfully
18:28:25.401 [TestNG-tests-1] INFO  utilities.Listeners - addEmployee Test execution started
18:28:25.406 [TestNG-tests-1] INFO  testCases.AddEmployeeTest - Landed into login page
18:28:27.785 [TestNG-tests-1] INFO  testCases.AddEmployeeTest - Logged in Successfully
18:28:32.079 [TestNG-tests-1] INFO  testCases.AddEmployeeTest - New Employee added Successfully
18:28:33.472 [TestNG-tests-1] INFO  utilities.Listeners - addEmployee Test execution started
18:28:33.474 [TestNG-tests-1] INFO  testCases.AddEmployeeTest - Landed into login page
18:28:46.183 [TestNG-tests-1] ERROR testCases.AddEmployeeTest - Test Failed
18:28:46.185 [TestNG-tests-1] INFO  utilities.Listeners - addEmployee Test execution started
18:28:46.186 [TestNG-tests-1] INFO  testCases.AddEmployeeTest - Landed into login page
18:28:46.194 [TestNG-tests-1] ERROR testCases.AddEmployeeTest - Test Failed
18:28:46.197 [TestNG-tests-1] INFO  utilities.Listeners - addEmployee Test execution started
18:28:46.199 [TestNG-tests-1] INFO  testCases.AddEmployeeTest - Landed into login page
18:28:46.209 [TestNG-tests-1] ERROR testCases.AddEmployeeTest - Test Failed
18:28:47.793 [TestNG-tests-1] INFO  utilities.Listeners - Execution completed
