16:31:42.659 [main] INFO  utilities.Listeners - Execution started
16:31:49.556 [main] INFO  utilities.Listeners - addEmployee Test execution started
16:31:49.560 [main] INFO  testCases.AddEmployeeTest - Landed into login page
16:31:51.085 [main] INFO  testCases.AddEmployeeTest - Logged in Successfully
16:31:52.427 [main] INFO  testCases.AddEmployeeTest - page title is matched
16:31:56.214 [main] INFO  testCases.AddEmployeeTest - New Employee added Successfully
16:31:57.673 [main] INFO  testCases.AddEmployeeTest - Success Message is matched
16:31:58.396 [main] INFO  testCases.AddEmployeeTest - Successfully landed into Employee List page
16:31:58.941 [main] INFO  testCases.AddEmployeeTest - Created EmployeeId is entered in the employeeId field
16:32:00.430 [main] INFO  testCases.AddEmployeeTest - Created Employee is displayed in the table
16:32:01.518 [main] INFO  testCases.AddEmployeeTest - Logged out Successfully
16:32:04.802 [main] INFO  utilities.Listeners - Execution completed
16:32:04.805 [main] INFO  utilities.Listeners - Execution started
16:32:11.548 [main] INFO  utilities.Listeners - addEmployee Test execution started
16:32:11.548 [main] INFO  testCases.AddEmployeeTest - Landed into login page
16:32:13.621 [main] INFO  testCases.AddEmployeeTest - Logged in Successfully
16:32:13.629 [main] INFO  testCases.AddEmployeeTest - page title is matched
16:32:17.785 [main] INFO  testCases.AddEmployeeTest - New Employee added Successfully
16:32:19.405 [main] INFO  testCases.AddEmployeeTest - Success Message is matched
16:32:20.127 [main] INFO  testCases.AddEmployeeTest - Successfully landed into Employee List page
16:32:20.725 [main] INFO  testCases.AddEmployeeTest - Created EmployeeId is entered in the employeeId field
16:32:21.759 [main] INFO  testCases.AddEmployeeTest - Created Employee is displayed in the table
16:32:23.159 [main] INFO  testCases.AddEmployeeTest - Logged out Successfully
16:32:25.084 [main] INFO  utilities.Listeners - Execution completed
