17:48:37.306 [main] INFO  tests.LoginandLogoutTest - Landed into login page
17:48:39.316 [main] INFO  tests.LoginandLogoutTest - Logged in Successfully
17:48:43.730 [main] INFO  tests.LoginandLogoutTest - Logged out Successfully
17:48:43.738 [main] INFO  tests.LoginandLogoutTest - Validated the page title
17:49:52.562 [main] INFO  tests.AddEmployeeTest - Landed into login page
17:49:54.291 [main] INFO  tests.AddEmployeeTest - Logged in Successfully
17:49:57.458 [main] INFO  tests.AddEmployeeTest - New Employee added Successfully
17:49:58.745 [main] INFO  tests.AddEmployeeTest - Validated the page title
17:52:04.433 [main] INFO  tests.LoginandLogoutTest - Landed into login page
17:52:06.179 [main] INFO  tests.LoginandLogoutTest - Logged in Successfully
17:52:13.218 [main] INFO  tests.LoginandLogoutTest - Logged out Successfully
17:52:13.223 [main] INFO  tests.LoginandLogoutTest - Validated the page title
17:52:47.461 [main] INFO  tests.LoginandLogoutTest - Landed into login page
17:55:07.530 [main] INFO  tests.LoginandLogoutTest - Landed into login page
18:02:18.833 [main] INFO  tests.LoginandLogoutTest - Landed into login page
18:02:20.531 [main] INFO  tests.LoginandLogoutTest - Logged in Successfully
18:02:24.612 [main] INFO  tests.LoginandLogoutTest - Logged out Successfully
18:02:39.662 [main] INFO  tests.LoginandLogoutTest - Landed into login page
18:02:41.757 [main] ERROR tests.LoginandLogoutTest - Test failed
18:02:41.757 [main] INFO  tests.LoginandLogoutTest - Logged in Successfully
18:02:46.636 [main] INFO  tests.LoginandLogoutTest - Logged out Successfully
18:03:44.945 [main] INFO  tests.LoginandLogoutTest - Landed into login page
18:03:46.749 [main] INFO  tests.LoginandLogoutTest - Logged in Successfully
18:03:51.003 [main] INFO  tests.LoginandLogoutTest - Logged out Successfully
18:04:22.239 [main] INFO  tests.LoginandLogoutTest - Landed into login page
18:04:24.061 [main] ERROR tests.LoginandLogoutTest - Test failed
18:04:24.061 [main] INFO  tests.LoginandLogoutTest - Logged in Successfully
18:04:28.363 [main] INFO  tests.LoginandLogoutTest - Logged out Successfully
18:06:08.308 [main] INFO  tests.LoginandLogoutTest - Landed into login page
18:06:10.161 [main] ERROR tests.LoginandLogoutTest - Test failed
18:06:10.161 [main] INFO  tests.LoginandLogoutTest - Logged in Successfully
18:06:14.844 [main] INFO  tests.LoginandLogoutTest - Logged out Successfully
18:07:28.467 [main] INFO  tests.LoginandLogoutTest - Landed into login page
18:07:30.200 [main] INFO  tests.LoginandLogoutTest - Logged in Successfully
18:07:34.582 [main] INFO  tests.LoginandLogoutTest - Logged out Successfully
18:07:34.634 [main] INFO  tests.LoginandLogoutTest - Validated the page title
18:09:43.793 [main] INFO  tests.LoginandLogoutTest - Landed into login page
18:09:45.516 [main] INFO  tests.LoginandLogoutTest - Logged in Successfully
18:09:45.522 [main] INFO  tests.LoginandLogoutTest - page title is matched
18:09:49.994 [main] INFO  tests.LoginandLogoutTest - Logged out Successfully
18:11:41.176 [main] INFO  tests.AddEmployeeTest - Landed into login page
18:11:42.895 [main] INFO  tests.AddEmployeeTest - Logged in Successfully
18:11:46.131 [main] INFO  tests.AddEmployeeTest - New Employee added Successfully
18:11:54.387 [main] ERROR tests.AddEmployeeTest - Test failed
18:12:02.054 [main] INFO  tests.AddEmployeeTest - Landed into login page
18:12:04.048 [main] INFO  tests.AddEmployeeTest - Logged in Successfully
18:12:07.174 [main] INFO  tests.AddEmployeeTest - New Employee added Successfully
18:12:17.202 [main] ERROR tests.AddEmployeeTest - Test failed
18:12:47.133 [main] INFO  tests.AddEmployeeTest - Landed into login page
18:12:48.899 [main] INFO  tests.AddEmployeeTest - Logged in Successfully
18:12:52.170 [main] INFO  tests.AddEmployeeTest - New Employee added Successfully
18:12:56.152 [main] ERROR tests.AddEmployeeTest - Test failed
18:13:21.016 [main] INFO  tests.AddEmployeeTest - Landed into login page
18:13:22.693 [main] INFO  tests.AddEmployeeTest - Logged in Successfully
18:13:25.866 [main] INFO  tests.AddEmployeeTest - New Employee added Successfully
18:13:27.134 [main] INFO  tests.AddEmployeeTest - Success Message is matched
23:11:05.473 [main] INFO  tests.LoginandLogoutTest - Landed into login page
23:11:08.107 [main] INFO  tests.LoginandLogoutTest - Logged in Successfully
23:11:08.126 [main] INFO  tests.LoginandLogoutTest - page title is matched
23:11:12.994 [main] INFO  tests.LoginandLogoutTest - Logged out Successfully
23:11:51.742 [main] INFO  tests.AddEmployeeTest - Landed into login page
23:11:53.797 [main] INFO  tests.AddEmployeeTest - Logged in Successfully
23:11:57.782 [main] INFO  tests.AddEmployeeTest - New Employee added Successfully
23:11:59.072 [main] INFO  tests.AddEmployeeTest - Success Message is matched
23:45:40.998 [main] INFO  tests.AddEmployeeTest - Landed into login page
23:45:43.447 [main] INFO  tests.AddEmployeeTest - Logged in Successfully
