17:35:14.590 [TestNG-tests-2] INFO  utilities.Listeners - Execution started
17:35:14.590 [TestNG-tests-1] INFO  utilities.Listeners - Execution started
17:35:23.060 [TestNG-tests-2] INFO  utilities.Listeners - addEmployee Test execution started
17:35:23.064 [TestNG-tests-2] INFO  testCases.AddEmployeeTest - Landed into login page
17:35:24.210 [TestNG-tests-1] INFO  utilities.Listeners - addEmployee Test execution started
17:35:24.210 [TestNG-tests-1] INFO  testCases.AddEmployeeTest - Landed into login page
17:35:25.449 [TestNG-tests-2] INFO  testCases.AddEmployeeTest - Logged in Successfully
17:35:25.461 [TestNG-tests-2] INFO  testCases.AddEmployeeTest - page title is matched
17:35:27.093 [TestNG-tests-1] INFO  testCases.AddEmployeeTest - Logged in Successfully
17:35:27.105 [TestNG-tests-1] INFO  testCases.AddEmployeeTest - page title is matched
17:35:29.623 [TestNG-tests-2] INFO  testCases.AddEmployeeTest - New Employee added Successfully
17:35:30.840 [TestNG-tests-1] INFO  testCases.AddEmployeeTest - New Employee added Successfully
17:35:31.518 [TestNG-tests-2] INFO  testCases.AddEmployeeTest - Success Message is matched
17:35:32.038 [TestNG-tests-2] INFO  testCases.AddEmployeeTest - Successfully landed into Employee List page
17:35:32.603 [TestNG-tests-2] INFO  testCases.AddEmployeeTest - Created EmployeeId is entered in the employeeId field
17:35:32.660 [TestNG-tests-1] INFO  testCases.AddEmployeeTest - Success Message is matched
17:35:33.173 [TestNG-tests-2] INFO  testCases.AddEmployeeTest - Created Employee is displayed in the table
17:35:33.187 [TestNG-tests-1] INFO  testCases.AddEmployeeTest - Successfully landed into Employee List page
17:35:33.723 [TestNG-tests-1] INFO  testCases.AddEmployeeTest - Created EmployeeId is entered in the employeeId field
17:35:34.111 [TestNG-tests-2] INFO  testCases.AddEmployeeTest - Logged out Successfully
17:35:34.278 [TestNG-tests-1] INFO  testCases.AddEmployeeTest - Created Employee is displayed in the table
17:35:35.355 [TestNG-tests-1] INFO  testCases.AddEmployeeTest - Logged out Successfully
17:35:38.391 [TestNG-tests-1] INFO  utilities.Listeners - notExistEmployeeDetails Test execution started
17:35:38.392 [TestNG-tests-1] INFO  testCases.NotExistEmployeeDetailsTest - Landed into login page
17:35:42.833 [TestNG-tests-2] INFO  utilities.Listeners - notExistEmployeeDetails Test execution started
17:35:42.833 [TestNG-tests-2] INFO  testCases.NotExistEmployeeDetailsTest - Landed into login page
17:35:44.947 [TestNG-tests-2] INFO  testCases.NotExistEmployeeDetailsTest - Logged in Successfully
17:35:44.957 [TestNG-tests-2] INFO  testCases.NotExistEmployeeDetailsTest - page title is matched
17:35:45.956 [TestNG-tests-1] INFO  testCases.NotExistEmployeeDetailsTest - Logged in Successfully
17:35:45.970 [TestNG-tests-1] INFO  testCases.NotExistEmployeeDetailsTest - page title is matched
17:35:46.672 [TestNG-tests-2] INFO  testCases.NotExistEmployeeDetailsTest - Successfully landed into Employee List page
17:35:47.158 [TestNG-tests-2] INFO  testCases.NotExistEmployeeDetailsTest - EmployeeId is entered in the employeeId field
17:35:47.597 [TestNG-tests-1] INFO  testCases.NotExistEmployeeDetailsTest - Successfully landed into Employee List page
17:35:47.835 [TestNG-tests-2] INFO  testCases.NotExistEmployeeDetailsTest - Searched Employee is not found in the table
17:35:48.170 [TestNG-tests-1] INFO  testCases.NotExistEmployeeDetailsTest - EmployeeId is entered in the employeeId field
17:35:48.753 [TestNG-tests-2] INFO  testCases.NotExistEmployeeDetailsTest - Logged out Successfully
17:35:48.799 [TestNG-tests-1] INFO  testCases.NotExistEmployeeDetailsTest - Searched Employee is not found in the table
17:35:49.809 [TestNG-tests-1] INFO  testCases.NotExistEmployeeDetailsTest - Logged out Successfully
17:35:51.675 [TestNG-tests-2] INFO  utilities.Listeners - Execution completed
17:35:51.675 [TestNG-tests-1] INFO  utilities.Listeners - Execution completed
