12:34:55.116 [main] INFO  testCases.ExistEmployeeDetailsTest - Logged in Successfully
12:34:55.123 [main] INFO  testCases.ExistEmployeeDetailsTest - page title is matched
12:34:57.014 [main] INFO  testCases.ExistEmployeeDetailsTest - Successfully landed into Employee List page
12:34:57.479 [main] INFO  testCases.ExistEmployeeDetailsTest - EmployeeId is entered in the employeeId field
12:34:58.033 [main] ERROR testCases.ExistEmployeeDetailsTest - Test Failed
12:35:04.748 [main] INFO  utilities.Listeners - existEmployeeDetails Test execution started
12:35:04.749 [main] INFO  testCases.ExistEmployeeDetailsTest - Landed into login page
12:35:06.791 [main] INFO  testCases.ExistEmployeeDetailsTest - Logged in Successfully
12:35:06.795 [main] INFO  testCases.ExistEmployeeDetailsTest - page title is matched
12:35:08.491 [main] INFO  testCases.ExistEmployeeDetailsTest - Successfully landed into Employee List page
12:35:08.976 [main] INFO  testCases.ExistEmployeeDetailsTest - EmployeeId is entered in the employeeId field
12:35:09.580 [main] INFO  testCases.ExistEmployeeDetailsTest - Searched Employee entry is found in the table
12:35:10.436 [main] INFO  testCases.ExistEmployeeDetailsTest - Logged out Successfully
12:35:17.386 [main] INFO  utilities.Listeners - deleteEmployee Test execution started
12:35:17.386 [main] INFO  testCases.DeleteEmployeeTest - Landed into login page
12:35:19.399 [main] INFO  testCases.DeleteEmployeeTest - Logged in Successfully
12:35:19.404 [main] INFO  testCases.DeleteEmployeeTest - page title is matched
12:35:21.120 [main] INFO  testCases.DeleteEmployeeTest - Successfully landed into Employee List page
12:35:21.572 [main] INFO  testCases.DeleteEmployeeTest - EmployeeId is entered in the employeeId field
12:35:21.624 [main] INFO  testCases.DeleteEmployeeTest - Searched Employee entry is not found in the table
12:35:23.462 [main] INFO  testCases.DeleteEmployeeTest - Logged out Successfully
12:35:25.066 [main] INFO  utilities.Listeners - Execution completed
